#
# There is insufficient memory for the Java Runtime Environment to continue.
# Native memory allocation (malloc) failed to allocate 775136 bytes. Error detail: Chunk::new
# Possible reasons:
#   The system is out of physical RAM or swap space
#   This process is running with CompressedOops enabled, and the Java Heap may be blocking the growth of the native heap
# Possible solutions:
#   Reduce memory load on the system
#   Increase physical memory or swap space
#   Check if swap backing store is full
#   Decrease Java heap size (-Xmx/-Xms)
#   Decrease number of Java threads
#   Decrease Java thread stack sizes (-Xss)
#   Set larger code cache with -XX:ReservedCodeCacheSize=
#   JVM is running with Unscaled Compressed Oops mode in which the Java heap is
#     placed in the first 4GB address space. The Java Heap base address is the
#     maximum limit for the native heap growth. Please use -XX:HeapBaseMinAddress
#     to set the Java Heap base and to place the Java Heap above 4GB virtual address.
# This output file may be truncated or incomplete.
#
#  Out of Memory Error (arena.cpp:168), pid=11660, tid=22180
#
# JRE version: OpenJDK Runtime Environment (21.0.4) (build 21.0.4+-12508038-b607.1)
# Java VM: OpenJDK 64-Bit Server VM (21.0.4+-12508038-b607.1, mixed mode, tiered, compressed oops, compressed class ptrs, g1 gc, windows-amd64)
# No core dump will be written. Minidumps are not enabled by default on client versions of Windows
#

---------------  S U M M A R Y ------------

Command Line: --add-opens=java.base/java.util=ALL-UNNAMED --add-opens=java.base/java.lang=ALL-UNNAMED --add-opens=java.base/java.lang.invoke=ALL-UNNAMED --add-opens=java.prefs/java.util.prefs=ALL-UNNAMED --add-exports=jdk.compiler/com.sun.tools.javac.api=ALL-UNNAMED --add-exports=jdk.compiler/com.sun.tools.javac.util=ALL-UNNAMED --add-opens=java.base/java.nio.charset=ALL-UNNAMED --add-opens=java.base/java.net=ALL-UNNAMED --add-opens=java.base/java.util.concurrent.atomic=ALL-UNNAMED -Xmx2048m -Dfile.encoding=UTF-8 -Duser.country=FR -Duser.language=fr -Duser.variant -javaagent:C:\Users\Karen\.gradle\wrapper\dists\gradle-8.10.2-bin\a04bxjujx95o3nb99gddekhwo\gradle-8.10.2\lib\agents\gradle-instrumentation-agent-8.10.2.jar org.gradle.launcher.daemon.bootstrap.GradleDaemon 8.10.2

Host: Intel(R) Celeron(R) N4020 CPU @ 1.10GHz, 2 cores, 3G,  Windows 10 , 64 bit Build 19041 (10.0.19041.5198)
Time: Wed Feb 12 08:33:27 2025 Afr. centrale Ouest elapsed time: 49.258398 seconds (0d 0h 0m 49s)

---------------  T H R E A D  ---------------

Current thread (0x00000225fe64dc30):  JavaThread "C2 CompilerThread0" daemon [_thread_in_native, id=22180, stack(0x0000009272500000,0x0000009272600000) (1024K)]


Current CompileTask:
C2:  49258 8665   !   4       java.net.URLClassLoader::defineClass (224 bytes)

Stack: [0x0000009272500000,0x0000009272600000]
Native frames: (J=compiled Java code, j=interpreted, Vv=VM code, C=native code)
V  [jvm.dll+0x6ce539]
V  [jvm.dll+0x85bf03]
V  [jvm.dll+0x85e45e]
V  [jvm.dll+0x85eb43]
V  [jvm.dll+0x27dd06]
V  [jvm.dll+0xbf9cd]
V  [jvm.dll+0xbff03]
V  [jvm.dll+0x2f19c1]
V  [jvm.dll+0x5f8d79]
V  [jvm.dll+0x2503d2]
V  [jvm.dll+0x248e4a]
V  [jvm.dll+0x2468be]
V  [jvm.dll+0x1c58a4]
V  [jvm.dll+0x255fec]
V  [jvm.dll+0x254536]
V  [jvm.dll+0x3efab6]
V  [jvm.dll+0x804418]
V  [jvm.dll+0x6cce0d]
C  [ucrtbase.dll+0x21bb2]
C  [KERNEL32.DLL+0x17374]
C  [ntdll.dll+0x4cc91]


---------------  P R O C E S S  ---------------

Threads class SMR info:
_java_thread_list=0x00000225963302b0, length=36, elements={
0x00000225f491d250, 0x00000225fe661e20, 0x00000225fe662880, 0x00000225fe3cb4a0,
0x00000225fe3cbf00, 0x00000225fe3cc960, 0x00000225fe3cd3c0, 0x00000225fe64dc30,
0x00000225fe64eeb0, 0x00000225fe2fd480, 0x00000225fe9f6f80, 0x0000022593f1e040,
0x0000022593f8b380, 0x00000225940b2c00, 0x00000225940375d0, 0x000002259404eea0,
0x0000022594274020, 0x0000022594274690, 0x00000225942cb280, 0x00000225942cbfa0,
0x00000225942c9ed0, 0x00000225942ca560, 0x00000225942cabf0, 0x00000225942cb910,
0x00000225942c91b0, 0x00000225942c9840, 0x0000022595a4fa30, 0x0000022595a4bf20,
0x0000022595a500c0, 0x0000022595a4f3a0, 0x0000022595a51470, 0x0000022595a50de0,
0x0000022595a4b200, 0x0000022595a4b890, 0x0000022595a4d2d0, 0x0000022595a4dff0
}

Java Threads: ( => current thread )
  0x00000225f491d250 JavaThread "main"                              [_thread_blocked, id=20360, stack(0x0000009271700000,0x0000009271800000) (1024K)]
  0x00000225fe661e20 JavaThread "Reference Handler"          daemon [_thread_blocked, id=9788, stack(0x0000009271f00000,0x0000009272000000) (1024K)]
  0x00000225fe662880 JavaThread "Finalizer"                  daemon [_thread_blocked, id=18908, stack(0x0000009272000000,0x0000009272100000) (1024K)]
  0x00000225fe3cb4a0 JavaThread "Signal Dispatcher"          daemon [_thread_blocked, id=21192, stack(0x0000009272100000,0x0000009272200000) (1024K)]
  0x00000225fe3cbf00 JavaThread "Attach Listener"            daemon [_thread_blocked, id=11768, stack(0x0000009272200000,0x0000009272300000) (1024K)]
  0x00000225fe3cc960 JavaThread "Service Thread"             daemon [_thread_blocked, id=21272, stack(0x0000009272300000,0x0000009272400000) (1024K)]
  0x00000225fe3cd3c0 JavaThread "Monitor Deflation Thread"   daemon [_thread_blocked, id=19240, stack(0x0000009272400000,0x0000009272500000) (1024K)]
=>0x00000225fe64dc30 JavaThread "C2 CompilerThread0"         daemon [_thread_in_native, id=22180, stack(0x0000009272500000,0x0000009272600000) (1024K)]
  0x00000225fe64eeb0 JavaThread "C1 CompilerThread0"         daemon [_thread_blocked, id=16768, stack(0x0000009272600000,0x0000009272700000) (1024K)]
  0x00000225fe2fd480 JavaThread "Common-Cleaner"             daemon [_thread_blocked, id=7992, stack(0x0000009272700000,0x0000009272800000) (1024K)]
  0x00000225fe9f6f80 JavaThread "Notification Thread"        daemon [_thread_blocked, id=19208, stack(0x0000009272800000,0x0000009272900000) (1024K)]
  0x0000022593f1e040 JavaThread "Daemon health stats"               [_thread_blocked, id=16948, stack(0x0000009272a00000,0x0000009272b00000) (1024K)]
  0x0000022593f8b380 JavaThread "Incoming local TCP Connector on port 62041"        [_thread_in_native, id=13260, stack(0x0000009272b00000,0x0000009272c00000) (1024K)]
  0x00000225940b2c00 JavaThread "Daemon periodic checks"            [_thread_blocked, id=5716, stack(0x0000009272c00000,0x0000009272d00000) (1024K)]
  0x00000225940375d0 JavaThread "Daemon"                            [_thread_blocked, id=22384, stack(0x0000009272d00000,0x0000009272e00000) (1024K)]
  0x000002259404eea0 JavaThread "Handler for socket connection from /127.0.0.1:62041 to /127.0.0.1:62042"        [_thread_in_native, id=3824, stack(0x0000009272e00000,0x0000009272f00000) (1024K)]
  0x0000022594274020 JavaThread "Cancel handler"                    [_thread_blocked, id=2816, stack(0x0000009272f00000,0x0000009273000000) (1024K)]
  0x0000022594274690 JavaThread "Daemon worker"                     [_thread_in_native, id=9512, stack(0x0000009273000000,0x0000009273100000) (1024K)]
  0x00000225942cb280 JavaThread "Asynchronous log dispatcher for DefaultDaemonConnection: socket connection from /127.0.0.1:62041 to /127.0.0.1:62042"        [_thread_blocked, id=2344, stack(0x0000009273100000,0x0000009273200000) (1024K)]
  0x00000225942cbfa0 JavaThread "Stdin handler"                     [_thread_blocked, id=19908, stack(0x0000009273200000,0x0000009273300000) (1024K)]
  0x00000225942c9ed0 JavaThread "Daemon client event forwarder"        [_thread_blocked, id=9716, stack(0x0000009273300000,0x0000009273400000) (1024K)]
  0x00000225942ca560 JavaThread "Cache worker for journal cache (C:\Users\Karen\.gradle\caches\journal-1)"        [_thread_blocked, id=20152, stack(0x0000009273400000,0x0000009273500000) (1024K)]
  0x00000225942cabf0 JavaThread "File lock request listener"        [_thread_in_native, id=19680, stack(0x0000009273500000,0x0000009273600000) (1024K)]
  0x00000225942cb910 JavaThread "Cache worker for file hash cache (C:\Users\Karen\.gradle\caches\8.10.2\fileHashes)"        [_thread_blocked, id=7636, stack(0x0000009273600000,0x0000009273700000) (1024K)]
  0x00000225942c91b0 JavaThread "Cache worker for file hash cache (C:\Users\Karen\Formation\IAI\ING3\Programmation Mobile\Projet\lastAppVers\Campus-Market\.gradle\8.10.2\fileHashes)"        [_thread_blocked, id=3184, stack(0x0000009273700000,0x0000009273800000) (1024K)]
  0x00000225942c9840 JavaThread "Cache worker for Build Output Cleanup Cache (C:\Users\Karen\Formation\IAI\ING3\Programmation Mobile\Projet\lastAppVers\Campus-Market\.gradle\buildOutputCleanup)"        [_thread_blocked, id=1172, stack(0x0000009273800000,0x0000009273900000) (1024K)]
  0x0000022595a4fa30 JavaThread "File watcher server"        daemon [_thread_in_native, id=4776, stack(0x0000009273900000,0x0000009273a00000) (1024K)]
  0x0000022595a4bf20 JavaThread "File watcher consumer"      daemon [_thread_blocked, id=6208, stack(0x0000009273a00000,0x0000009273b00000) (1024K)]
  0x0000022595a500c0 JavaThread "Cache worker for checksums cache (C:\Users\Karen\Formation\IAI\ING3\Programmation Mobile\Projet\lastAppVers\Campus-Market\.gradle\8.10.2\checksums)"        [_thread_blocked, id=6224, stack(0x0000009273b00000,0x0000009273c00000) (1024K)]
  0x0000022595a4f3a0 JavaThread "Cache worker for file content cache (C:\Users\Karen\.gradle\caches\8.10.2\fileContent)"        [_thread_blocked, id=9076, stack(0x0000009273c00000,0x0000009273d00000) (1024K)]
  0x0000022595a51470 JavaThread "Cache worker for cache directory md-rule (C:\Users\Karen\.gradle\caches\8.10.2\md-rule)"        [_thread_blocked, id=3272, stack(0x0000009273d00000,0x0000009273e00000) (1024K)]
  0x0000022595a50de0 JavaThread "Cache worker for cache directory md-supplier (C:\Users\Karen\.gradle\caches\8.10.2\md-supplier)"        [_thread_blocked, id=13252, stack(0x0000009273e00000,0x0000009273f00000) (1024K)]
  0x0000022595a4b200 JavaThread "Unconstrained build operations"        [_thread_blocked, id=14768, stack(0x0000009273f00000,0x0000009274000000) (1024K)]
  0x0000022595a4b890 JavaThread "Unconstrained build operations Thread 2"        [_thread_blocked, id=16840, stack(0x0000009274000000,0x0000009274100000) (1024K)]
  0x0000022595a4d2d0 JavaThread "Unconstrained build operations Thread 3"        [_thread_blocked, id=10584, stack(0x0000009274100000,0x0000009274200000) (1024K)]
  0x0000022595a4dff0 JavaThread "build event listener"              [_thread_blocked, id=15716, stack(0x0000009274200000,0x0000009274300000) (1024K)]
Total: 36

Other Threads:
  0x00000225fe38cf30 VMThread "VM Thread"                           [id=7612, stack(0x0000009271e00000,0x0000009271f00000) (1024K)]
  0x00000225fe2fc210 WatcherThread "VM Periodic Task Thread"        [id=20464, stack(0x0000009271d00000,0x0000009271e00000) (1024K)]
  0x00000225f6ac6aa0 WorkerThread "GC Thread#0"                     [id=14844, stack(0x0000009271800000,0x0000009271900000) (1024K)]
  0x00000225fe9f9e10 WorkerThread "GC Thread#1"                     [id=4616, stack(0x0000009272900000,0x0000009272a00000) (1024K)]
  0x00000225f6ad8390 ConcurrentGCThread "G1 Main Marker"            [id=15540, stack(0x0000009271900000,0x0000009271a00000) (1024K)]
  0x00000225f6ad8e90 WorkerThread "G1 Conc#0"                       [id=15196, stack(0x0000009271a00000,0x0000009271b00000) (1024K)]
  0x00000225f6b2c230 ConcurrentGCThread "G1 Refine#0"               [id=15620, stack(0x0000009271b00000,0x0000009271c00000) (1024K)]
  0x00000225f6b2cda0 ConcurrentGCThread "G1 Service"                [id=21544, stack(0x0000009271c00000,0x0000009271d00000) (1024K)]
Total: 8

Threads with active compile tasks:
C2 CompilerThread0    49333 8665   !   4       java.net.URLClassLoader::defineClass (224 bytes)
Total: 1

VM state: not at safepoint (normal execution)

VM Mutex/Monitor currently owned by a thread: None

Heap address: 0x0000000080000000, size: 2048 MB, Compressed Oops mode: 32-bit

CDS archive(s) not mapped
Compressed class space mapped at: 0x0000000100000000-0x0000000140000000, reserved size: 1073741824
Narrow klass base: 0x0000000000000000, Narrow klass shift: 3, Narrow klass range: 0x140000000

GC Precious Log:
 CardTable entry size: 512
 Card Set container configuration: InlinePtr #cards 5 size 8 Array Of Cards #cards 12 size 40 Howl #buckets 4 coarsen threshold 1843 Howl Bitmap #cards 512 size 80 coarsen threshold 460 Card regions per heap region 1 cards per card region 2048
 CPUs: 2 total, 2 available
 Memory: 3907M
 Large Page Support: Disabled
 NUMA Support: Disabled
 Compressed Oops: Enabled (32-bit)
 Heap Region Size: 1M
 Heap Min Capacity: 8M
 Heap Initial Capacity: 62M
 Heap Max Capacity: 2G
 Pre-touch: Disabled
 Parallel Workers: 2
 Concurrent Workers: 1
 Concurrent Refinement Workers: 2
 Periodic GC: Disabled

Heap:
 garbage-first heap   total 124928K, used 86093K [0x0000000080000000, 0x0000000100000000)
  region size 1024K, 16 young (16384K), 2 survivors (2048K)
 Metaspace       used 74296K, committed 76096K, reserved 1179648K
  class space    used 9908K, committed 10816K, reserved 1048576K

Heap Regions: E=young(eden), S=young(survivor), O=old, HS=humongous(starts), HC=humongous(continues), CS=collection set, F=free, TAMS=top-at-mark-start, PB=parsable bottom
|   0|0x0000000080000000, 0x0000000080100000, 0x0000000080100000|100%| O|  |TAMS 0x0000000080000000| PB 0x0000000080000000| Untracked 
|   1|0x0000000080100000, 0x0000000080200000, 0x0000000080200000|100%|HS|  |TAMS 0x0000000080100000| PB 0x0000000080100000| Complete 
|   2|0x0000000080200000, 0x0000000080300000, 0x0000000080300000|100%|HC|  |TAMS 0x0000000080200000| PB 0x0000000080200000| Complete 
|   3|0x0000000080300000, 0x0000000080400000, 0x0000000080400000|100%|HC|  |TAMS 0x0000000080300000| PB 0x0000000080300000| Complete 
|   4|0x0000000080400000, 0x0000000080500000, 0x0000000080500000|100%|HC|  |TAMS 0x0000000080400000| PB 0x0000000080400000| Complete 
|   5|0x0000000080500000, 0x0000000080600000, 0x0000000080600000|100%| O|  |TAMS 0x0000000080500000| PB 0x0000000080500000| Untracked 
|   6|0x0000000080600000, 0x0000000080700000, 0x0000000080700000|100%| O|  |TAMS 0x0000000080600000| PB 0x0000000080600000| Untracked 
|   7|0x0000000080700000, 0x0000000080800000, 0x0000000080800000|100%| O|  |TAMS 0x0000000080700000| PB 0x0000000080700000| Untracked 
|   8|0x0000000080800000, 0x0000000080900000, 0x0000000080900000|100%| O|  |TAMS 0x0000000080800000| PB 0x0000000080800000| Untracked 
|   9|0x0000000080900000, 0x0000000080a00000, 0x0000000080a00000|100%|HS|  |TAMS 0x0000000080900000| PB 0x0000000080900000| Complete 
|  10|0x0000000080a00000, 0x0000000080b00000, 0x0000000080b00000|100%| O|  |TAMS 0x0000000080a00000| PB 0x0000000080a00000| Untracked 
|  11|0x0000000080b00000, 0x0000000080c00000, 0x0000000080c00000|100%| O|  |TAMS 0x0000000080b00000| PB 0x0000000080b00000| Untracked 
|  12|0x0000000080c00000, 0x0000000080d00000, 0x0000000080d00000|100%| O|  |TAMS 0x0000000080c00000| PB 0x0000000080c00000| Untracked 
|  13|0x0000000080d00000, 0x0000000080e00000, 0x0000000080e00000|100%| O|  |TAMS 0x0000000080d00000| PB 0x0000000080d00000| Untracked 
|  14|0x0000000080e00000, 0x0000000080f00000, 0x0000000080f00000|100%| O|  |TAMS 0x0000000080e00000| PB 0x0000000080e00000| Untracked 
|  15|0x0000000080f00000, 0x0000000081000000, 0x0000000081000000|100%| O|  |TAMS 0x0000000080f00000| PB 0x0000000080f00000| Untracked 
|  16|0x0000000081000000, 0x0000000081100000, 0x0000000081100000|100%| O|  |TAMS 0x0000000081000000| PB 0x0000000081000000| Untracked 
|  17|0x0000000081100000, 0x0000000081200000, 0x0000000081200000|100%| O|  |TAMS 0x0000000081100000| PB 0x0000000081100000| Untracked 
|  18|0x0000000081200000, 0x0000000081300000, 0x0000000081300000|100%| O|  |TAMS 0x0000000081200000| PB 0x0000000081200000| Untracked 
|  19|0x0000000081300000, 0x0000000081400000, 0x0000000081400000|100%| O|  |TAMS 0x0000000081300000| PB 0x0000000081300000| Untracked 
|  20|0x0000000081400000, 0x0000000081500000, 0x0000000081500000|100%| O|  |TAMS 0x0000000081400000| PB 0x0000000081400000| Untracked 
|  21|0x0000000081500000, 0x0000000081600000, 0x0000000081600000|100%| O|  |TAMS 0x0000000081500000| PB 0x0000000081500000| Untracked 
|  22|0x0000000081600000, 0x0000000081700000, 0x0000000081700000|100%| O|  |TAMS 0x0000000081600000| PB 0x0000000081600000| Untracked 
|  23|0x0000000081700000, 0x0000000081700000, 0x0000000081800000|  0%| F|  |TAMS 0x0000000081700000| PB 0x0000000081700000| Untracked 
|  24|0x0000000081800000, 0x0000000081900000, 0x0000000081900000|100%| O|  |TAMS 0x0000000081800000| PB 0x0000000081800000| Untracked 
|  25|0x0000000081900000, 0x0000000081a00000, 0x0000000081a00000|100%| O|  |TAMS 0x0000000081900000| PB 0x0000000081900000| Untracked 
|  26|0x0000000081a00000, 0x0000000081b00000, 0x0000000081b00000|100%| O|  |TAMS 0x0000000081a00000| PB 0x0000000081a00000| Untracked 
|  27|0x0000000081b00000, 0x0000000081c00000, 0x0000000081c00000|100%| O|  |TAMS 0x0000000081b00000| PB 0x0000000081b00000| Untracked 
|  28|0x0000000081c00000, 0x0000000081d00000, 0x0000000081d00000|100%| O|  |TAMS 0x0000000081c00000| PB 0x0000000081c00000| Untracked 
|  29|0x0000000081d00000, 0x0000000081e00000, 0x0000000081e00000|100%| O|  |TAMS 0x0000000081d00000| PB 0x0000000081d00000| Untracked 
|  30|0x0000000081e00000, 0x0000000081f00000, 0x0000000081f00000|100%| O|  |TAMS 0x0000000081e00000| PB 0x0000000081e00000| Untracked 
|  31|0x0000000081f00000, 0x0000000082000000, 0x0000000082000000|100%| O|  |TAMS 0x0000000081f00000| PB 0x0000000081f00000| Untracked 
|  32|0x0000000082000000, 0x0000000082100000, 0x0000000082100000|100%| O|  |TAMS 0x0000000082000000| PB 0x0000000082000000| Untracked 
|  33|0x0000000082100000, 0x0000000082200000, 0x0000000082200000|100%| O|  |TAMS 0x0000000082100000| PB 0x0000000082100000| Untracked 
|  34|0x0000000082200000, 0x0000000082300000, 0x0000000082300000|100%| O|  |TAMS 0x0000000082200000| PB 0x0000000082200000| Untracked 
|  35|0x0000000082300000, 0x0000000082400000, 0x0000000082400000|100%| O|  |TAMS 0x0000000082300000| PB 0x0000000082300000| Untracked 
|  36|0x0000000082400000, 0x0000000082500000, 0x0000000082500000|100%| O|  |TAMS 0x0000000082400000| PB 0x0000000082400000| Untracked 
|  37|0x0000000082500000, 0x0000000082600000, 0x0000000082600000|100%| O|  |TAMS 0x0000000082500000| PB 0x0000000082500000| Untracked 
|  38|0x0000000082600000, 0x0000000082700000, 0x0000000082700000|100%| O|  |TAMS 0x0000000082600000| PB 0x0000000082600000| Untracked 
|  39|0x0000000082700000, 0x0000000082800000, 0x0000000082800000|100%| O|  |TAMS 0x0000000082700000| PB 0x0000000082700000| Untracked 
|  40|0x0000000082800000, 0x0000000082800000, 0x0000000082900000|  0%| F|  |TAMS 0x0000000082800000| PB 0x0000000082800000| Untracked 
|  41|0x0000000082900000, 0x0000000082a00000, 0x0000000082a00000|100%| O|  |TAMS 0x0000000082900000| PB 0x0000000082900000| Untracked 
|  42|0x0000000082a00000, 0x0000000082b00000, 0x0000000082b00000|100%| O|Cm|TAMS 0x0000000082a00000| PB 0x0000000082a00000| Complete 
|  43|0x0000000082b00000, 0x0000000082c00000, 0x0000000082c00000|100%| O|  |TAMS 0x0000000082b00000| PB 0x0000000082b00000| Untracked 
|  44|0x0000000082c00000, 0x0000000082d00000, 0x0000000082d00000|100%| O|  |TAMS 0x0000000082c00000| PB 0x0000000082c00000| Untracked 
|  45|0x0000000082d00000, 0x0000000082e00000, 0x0000000082e00000|100%| O|  |TAMS 0x0000000082d00000| PB 0x0000000082d00000| Untracked 
|  46|0x0000000082e00000, 0x0000000082f00000, 0x0000000082f00000|100%| O|  |TAMS 0x0000000082e00000| PB 0x0000000082e00000| Untracked 
|  47|0x0000000082f00000, 0x0000000083000000, 0x0000000083000000|100%| O|  |TAMS 0x0000000082f00000| PB 0x0000000082f00000| Untracked 
|  48|0x0000000083000000, 0x0000000083100000, 0x0000000083100000|100%| O|  |TAMS 0x0000000083000000| PB 0x0000000083000000| Untracked 
|  49|0x0000000083100000, 0x0000000083200000, 0x0000000083200000|100%|HS|  |TAMS 0x0000000083100000| PB 0x0000000083100000| Complete 
|  50|0x0000000083200000, 0x0000000083300000, 0x0000000083300000|100%|HS|  |TAMS 0x0000000083200000| PB 0x0000000083200000| Complete 
|  51|0x0000000083300000, 0x0000000083400000, 0x0000000083400000|100%|HS|  |TAMS 0x0000000083300000| PB 0x0000000083300000| Complete 
|  52|0x0000000083400000, 0x0000000083500000, 0x0000000083500000|100%|HC|  |TAMS 0x0000000083400000| PB 0x0000000083400000| Complete 
|  53|0x0000000083500000, 0x0000000083600000, 0x0000000083600000|100%|HS|  |TAMS 0x0000000083500000| PB 0x0000000083500000| Complete 
|  54|0x0000000083600000, 0x0000000083700000, 0x0000000083700000|100%|HC|  |TAMS 0x0000000083600000| PB 0x0000000083600000| Complete 
|  55|0x0000000083700000, 0x0000000083800000, 0x0000000083800000|100%|HS|  |TAMS 0x0000000083700000| PB 0x0000000083700000| Complete 
|  56|0x0000000083800000, 0x0000000083900000, 0x0000000083900000|100%|HS|  |TAMS 0x0000000083800000| PB 0x0000000083800000| Complete 
|  57|0x0000000083900000, 0x0000000083a00000, 0x0000000083a00000|100%|HC|  |TAMS 0x0000000083900000| PB 0x0000000083900000| Complete 
|  58|0x0000000083a00000, 0x0000000083b00000, 0x0000000083b00000|100%|HC|  |TAMS 0x0000000083a00000| PB 0x0000000083a00000| Complete 
|  59|0x0000000083b00000, 0x0000000083c00000, 0x0000000083c00000|100%|HC|  |TAMS 0x0000000083b00000| PB 0x0000000083b00000| Complete 
|  60|0x0000000083c00000, 0x0000000083d00000, 0x0000000083d00000|100%|HS|  |TAMS 0x0000000083c00000| PB 0x0000000083c00000| Complete 
|  61|0x0000000083d00000, 0x0000000083e00000, 0x0000000083e00000|100%| O|  |TAMS 0x0000000083d00000| PB 0x0000000083d00000| Untracked 
|  62|0x0000000083e00000, 0x0000000083f00000, 0x0000000083f00000|100%|HS|  |TAMS 0x0000000083e00000| PB 0x0000000083e00000| Complete 
|  63|0x0000000083f00000, 0x0000000084000000, 0x0000000084000000|100%|HS|  |TAMS 0x0000000083f00000| PB 0x0000000083f00000| Complete 
|  64|0x0000000084000000, 0x0000000084100000, 0x0000000084100000|100%| O|  |TAMS 0x0000000084000000| PB 0x0000000084000000| Untracked 
|  65|0x0000000084100000, 0x0000000084200000, 0x0000000084200000|100%| O|  |TAMS 0x0000000084100000| PB 0x0000000084100000| Untracked 
|  66|0x0000000084200000, 0x0000000084300000, 0x0000000084300000|100%| O|  |TAMS 0x0000000084200000| PB 0x0000000084200000| Untracked 
|  67|0x0000000084300000, 0x0000000084400000, 0x0000000084400000|100%| O|  |TAMS 0x0000000084300000| PB 0x0000000084300000| Untracked 
|  68|0x0000000084400000, 0x0000000084400000, 0x0000000084500000|  0%| F|  |TAMS 0x0000000084400000| PB 0x0000000084400000| Untracked 
|  69|0x0000000084500000, 0x0000000084500000, 0x0000000084600000|  0%| F|  |TAMS 0x0000000084500000| PB 0x0000000084500000| Untracked 
|  70|0x0000000084600000, 0x0000000084600000, 0x0000000084700000|  0%| F|  |TAMS 0x0000000084600000| PB 0x0000000084600000| Untracked 
|  71|0x0000000084700000, 0x0000000084700000, 0x0000000084800000|  0%| F|  |TAMS 0x0000000084700000| PB 0x0000000084700000| Untracked 
|  72|0x0000000084800000, 0x0000000084800000, 0x0000000084900000|  0%| F|  |TAMS 0x0000000084800000| PB 0x0000000084800000| Untracked 
|  73|0x0000000084900000, 0x0000000084900000, 0x0000000084a00000|  0%| F|  |TAMS 0x0000000084900000| PB 0x0000000084900000| Untracked 
|  74|0x0000000084a00000, 0x0000000084a00000, 0x0000000084b00000|  0%| F|  |TAMS 0x0000000084a00000| PB 0x0000000084a00000| Untracked 
|  75|0x0000000084b00000, 0x0000000084b135b0, 0x0000000084c00000|  7%| S|CS|TAMS 0x0000000084b00000| PB 0x0000000084b00000| Complete 
|  76|0x0000000084c00000, 0x0000000084d00000, 0x0000000084d00000|100%| S|CS|TAMS 0x0000000084c00000| PB 0x0000000084c00000| Complete 
|  77|0x0000000084d00000, 0x0000000084d00000, 0x0000000084e00000|  0%| F|  |TAMS 0x0000000084d00000| PB 0x0000000084d00000| Untracked 
|  78|0x0000000084e00000, 0x0000000084e00000, 0x0000000084f00000|  0%| F|  |TAMS 0x0000000084e00000| PB 0x0000000084e00000| Untracked 
|  79|0x0000000084f00000, 0x0000000084f00000, 0x0000000085000000|  0%| F|  |TAMS 0x0000000084f00000| PB 0x0000000084f00000| Untracked 
|  80|0x0000000085000000, 0x0000000085000000, 0x0000000085100000|  0%| F|  |TAMS 0x0000000085000000| PB 0x0000000085000000| Untracked 
|  81|0x0000000085100000, 0x0000000085100000, 0x0000000085200000|  0%| F|  |TAMS 0x0000000085100000| PB 0x0000000085100000| Untracked 
|  82|0x0000000085200000, 0x0000000085200000, 0x0000000085300000|  0%| F|  |TAMS 0x0000000085200000| PB 0x0000000085200000| Untracked 
|  83|0x0000000085300000, 0x0000000085300000, 0x0000000085400000|  0%| F|  |TAMS 0x0000000085300000| PB 0x0000000085300000| Untracked 
|  84|0x0000000085400000, 0x0000000085400000, 0x0000000085500000|  0%| F|  |TAMS 0x0000000085400000| PB 0x0000000085400000| Untracked 
|  85|0x0000000085500000, 0x0000000085500000, 0x0000000085600000|  0%| F|  |TAMS 0x0000000085500000| PB 0x0000000085500000| Untracked 
|  86|0x0000000085600000, 0x0000000085600000, 0x0000000085700000|  0%| F|  |TAMS 0x0000000085600000| PB 0x0000000085600000| Untracked 
|  87|0x0000000085700000, 0x0000000085700000, 0x0000000085800000|  0%| F|  |TAMS 0x0000000085700000| PB 0x0000000085700000| Untracked 
|  88|0x0000000085800000, 0x0000000085800000, 0x0000000085900000|  0%| F|  |TAMS 0x0000000085800000| PB 0x0000000085800000| Untracked 
|  89|0x0000000085900000, 0x0000000085900000, 0x0000000085a00000|  0%| F|  |TAMS 0x0000000085900000| PB 0x0000000085900000| Untracked 
|  90|0x0000000085a00000, 0x0000000085a00000, 0x0000000085b00000|  0%| F|  |TAMS 0x0000000085a00000| PB 0x0000000085a00000| Untracked 
|  91|0x0000000085b00000, 0x0000000085b00000, 0x0000000085c00000|  0%| F|  |TAMS 0x0000000085b00000| PB 0x0000000085b00000| Untracked 
|  92|0x0000000085c00000, 0x0000000085c00000, 0x0000000085d00000|  0%| F|  |TAMS 0x0000000085c00000| PB 0x0000000085c00000| Untracked 
|  93|0x0000000085d00000, 0x0000000085d00000, 0x0000000085e00000|  0%| F|  |TAMS 0x0000000085d00000| PB 0x0000000085d00000| Untracked 
|  94|0x0000000085e00000, 0x0000000085e00000, 0x0000000085f00000|  0%| F|  |TAMS 0x0000000085e00000| PB 0x0000000085e00000| Untracked 
|  95|0x0000000085f00000, 0x0000000085f00000, 0x0000000086000000|  0%| F|  |TAMS 0x0000000085f00000| PB 0x0000000085f00000| Untracked 
|  96|0x0000000086000000, 0x0000000086100000, 0x0000000086100000|100%| E|CS|TAMS 0x0000000086000000| PB 0x0000000086000000| Complete 
|  97|0x0000000086100000, 0x0000000086100000, 0x0000000086200000|  0%| F|  |TAMS 0x0000000086100000| PB 0x0000000086100000| Untracked 
|  98|0x0000000086200000, 0x0000000086200000, 0x0000000086300000|  0%| F|  |TAMS 0x0000000086200000| PB 0x0000000086200000| Untracked 
|  99|0x0000000086300000, 0x0000000086300000, 0x0000000086400000|  0%| F|  |TAMS 0x0000000086300000| PB 0x0000000086300000| Untracked 
| 100|0x0000000086400000, 0x0000000086400000, 0x0000000086500000|  0%| F|  |TAMS 0x0000000086400000| PB 0x0000000086400000| Untracked 
| 101|0x0000000086500000, 0x0000000086500000, 0x0000000086600000|  0%| F|  |TAMS 0x0000000086500000| PB 0x0000000086500000| Untracked 
| 102|0x0000000086600000, 0x0000000086600000, 0x0000000086700000|  0%| F|  |TAMS 0x0000000086600000| PB 0x0000000086600000| Untracked 
| 103|0x0000000086700000, 0x0000000086700000, 0x0000000086800000|  0%| F|  |TAMS 0x0000000086700000| PB 0x0000000086700000| Untracked 
| 104|0x0000000086800000, 0x0000000086835130, 0x0000000086900000| 20%| E|  |TAMS 0x0000000086800000| PB 0x0000000086800000| Complete 
| 105|0x0000000086900000, 0x0000000086a00000, 0x0000000086a00000|100%| E|  |TAMS 0x0000000086900000| PB 0x0000000086900000| Complete 
| 106|0x0000000086a00000, 0x0000000086b00000, 0x0000000086b00000|100%| E|CS|TAMS 0x0000000086a00000| PB 0x0000000086a00000| Complete 
| 107|0x0000000086b00000, 0x0000000086c00000, 0x0000000086c00000|100%| E|CS|TAMS 0x0000000086b00000| PB 0x0000000086b00000| Complete 
| 108|0x0000000086c00000, 0x0000000086d00000, 0x0000000086d00000|100%| E|CS|TAMS 0x0000000086c00000| PB 0x0000000086c00000| Complete 
| 109|0x0000000086d00000, 0x0000000086e00000, 0x0000000086e00000|100%| E|CS|TAMS 0x0000000086d00000| PB 0x0000000086d00000| Complete 
| 110|0x0000000086e00000, 0x0000000086f00000, 0x0000000086f00000|100%| E|CS|TAMS 0x0000000086e00000| PB 0x0000000086e00000| Complete 
| 111|0x0000000086f00000, 0x0000000087000000, 0x0000000087000000|100%| E|CS|TAMS 0x0000000086f00000| PB 0x0000000086f00000| Complete 
| 112|0x0000000087000000, 0x0000000087100000, 0x0000000087100000|100%| E|CS|TAMS 0x0000000087000000| PB 0x0000000087000000| Complete 
| 113|0x0000000087100000, 0x0000000087200000, 0x0000000087200000|100%| E|CS|TAMS 0x0000000087100000| PB 0x0000000087100000| Complete 
| 114|0x0000000087200000, 0x0000000087300000, 0x0000000087300000|100%| E|CS|TAMS 0x0000000087200000| PB 0x0000000087200000| Complete 
| 115|0x0000000087300000, 0x0000000087400000, 0x0000000087400000|100%| E|CS|TAMS 0x0000000087300000| PB 0x0000000087300000| Complete 
| 116|0x0000000087400000, 0x0000000087500000, 0x0000000087500000|100%| E|CS|TAMS 0x0000000087400000| PB 0x0000000087400000| Complete 
|2043|0x00000000ffb00000, 0x00000000ffc00000, 0x00000000ffc00000|100%| O|Cm|TAMS 0x00000000ffb00000| PB 0x00000000ffb00000| Complete 
|2044|0x00000000ffc00000, 0x00000000ffd00000, 0x00000000ffd00000|100%| O|  |TAMS 0x00000000ffc00000| PB 0x00000000ffc00000| Untracked 
|2045|0x00000000ffd00000, 0x00000000ffe00000, 0x00000000ffe00000|100%| O|  |TAMS 0x00000000ffd00000| PB 0x00000000ffd00000| Untracked 
|2046|0x00000000ffe00000, 0x00000000fff00000, 0x00000000fff00000|100%| O|  |TAMS 0x00000000ffe00000| PB 0x00000000ffe00000| Untracked 
|2047|0x00000000fff00000, 0x0000000100000000, 0x0000000100000000|100%| O|Cm|TAMS 0x00000000fff00000| PB 0x00000000fff00000| Complete 

Card table byte_map: [0x00000225f9bb0000,0x00000225f9fb0000] _byte_map_base: 0x00000225f97b0000

Marking Bits: (CMBitMap*) 0x00000225f6ac71a0
 Bits: [0x00000225f9fb0000, 0x00000225fbfb0000)

Polling page: 0x00000225f49e0000

Metaspace:

Usage:
  Non-class:     62.88 MB used.
      Class:      9.68 MB used.
       Both:     72.56 MB used.

Virtual space:
  Non-class space:      128.00 MB reserved,      63.75 MB ( 50%) committed,  2 nodes.
      Class space:        1.00 GB reserved,      10.56 MB (  1%) committed,  1 nodes.
             Both:        1.12 GB reserved,      74.31 MB (  6%) committed. 

Chunk freelists:
   Non-Class:  15.59 MB
       Class:  5.37 MB
        Both:  20.96 MB

MaxMetaspaceSize: unlimited
CompressedClassSpaceSize: 1.00 GB
Initial GC threshold: 21.00 MB
Current GC threshold: 121.25 MB
CDS: off
 - commit_granule_bytes: 65536.
 - commit_granule_words: 8192.
 - virtual_space_node_default_size: 8388608.
 - enlarge_chunks_in_place: 1.
 - use_allocation_guard: 0.


Internal statistics:

num_allocs_failed_limit: 9.
num_arena_births: 3220.
num_arena_deaths: 0.
num_vsnodes_births: 3.
num_vsnodes_deaths: 0.
num_space_committed: 1189.
num_space_uncommitted: 0.
num_chunks_returned_to_freelist: 9.
num_chunks_taken_from_freelist: 6219.
num_chunk_merges: 9.
num_chunk_splits: 4087.
num_chunks_enlarged: 2571.
num_inconsistent_stats: 0.

CodeHeap 'non-profiled nmethods': size=120064Kb used=3784Kb max_used=3807Kb free=116279Kb
 bounds [0x0000022587ac0000, 0x0000022587e80000, 0x000002258f000000]
CodeHeap 'profiled nmethods': size=120000Kb used=13659Kb max_used=13792Kb free=106340Kb
 bounds [0x0000022580000000, 0x0000022580d90000, 0x0000022587530000]
CodeHeap 'non-nmethods': size=5696Kb used=1990Kb max_used=2021Kb free=3705Kb
 bounds [0x0000022587530000, 0x00000225877a0000, 0x0000022587ac0000]
 total_blobs=8156 nmethods=7395 adapters=666
 compilation: enabled
              stopped_count=0, restarted_count=0
 full_count=0

Compilation events (20 events):
Event: 49.224 Thread 0x00000225fe64eeb0 8748       3       org.gradle.api.internal.provider.sources.GradlePropertyValueSource$Inject::$gradleServices (13 bytes)
Event: 49.225 Thread 0x00000225fe64eeb0 nmethod 8748 0x000002258095ee90 code [0x000002258095f060, 0x000002258095f448]
Event: 49.226 Thread 0x00000225fe64eeb0 8749       3       org.gradle.internal.instantiation.generator.ManagedObjectFactory::attachOwner (24 bytes)
Event: 49.226 Thread 0x00000225fe64eeb0 nmethod 8749 0x0000022580ac6690 code [0x0000022580ac6860, 0x0000022580ac6c98]
Event: 49.229 Thread 0x00000225fe64eeb0 8751       3       org.gradle.internal.Describables::of (10 bytes)
Event: 49.230 Thread 0x00000225fe64eeb0 nmethod 8751 0x0000022580acc910 code [0x0000022580accac0, 0x0000022580acce30]
Event: 49.230 Thread 0x00000225fe64eeb0 8752       3       com.google.common.collect.AbstractIndexedListIterator::hasNext (17 bytes)
Event: 49.230 Thread 0x00000225fe64eeb0 nmethod 8752 0x000002258046f290 code [0x000002258046f420, 0x000002258046f588]
Event: 49.231 Thread 0x00000225fe64eeb0 8753   !   3       org.gradle.internal.service.DefaultServiceRegistry::applyConfigureMethod (198 bytes)
Event: 49.234 Thread 0x00000225fe64eeb0 nmethod 8753 0x0000022580b81910 code [0x0000022580b81da0, 0x0000022580b846f8]
Event: 49.235 Thread 0x00000225fe64eeb0 8754       3       org.gradle.internal.serialization.Cached::of (9 bytes)
Event: 49.235 Thread 0x00000225fe64eeb0 nmethod 8754 0x00000225808bcc90 code [0x00000225808bce40, 0x00000225808bd0f8]
Event: 49.236 Thread 0x00000225fe64eeb0 8755       3       org.gradle.internal.instantiation.generator.ManagedObjectFactory::cachedOwnerDisplayNameOf (10 bytes)
Event: 49.237 Thread 0x00000225fe64eeb0 nmethod 8755 0x000002258013d390 code [0x000002258013d5a0, 0x000002258013dd98]
Event: 49.237 Thread 0x00000225fe64eeb0 8756       3       org.gradle.internal.instantiation.generator.ManagedObjectFactory$ManagedPropertyName::<init> (15 bytes)
Event: 49.237 Thread 0x00000225fe64eeb0 nmethod 8756 0x0000022580980210 code [0x00000225809803c0, 0x00000225809805e0]
Event: 49.237 Thread 0x00000225fe64eeb0 8757       3       org.gradle.api.internal.provider.AbstractProperty::attachOwner (6 bytes)
Event: 49.237 Thread 0x00000225fe64eeb0 nmethod 8757 0x00000225804b0610 code [0x00000225804b07a0, 0x00000225804b08f8]
Event: 49.241 Thread 0x00000225fe64eeb0 8758   !   3       org.gradle.internal.snapshot.impl.DefaultIsolatableFactory::isolate (24 bytes)
Event: 49.242 Thread 0x00000225fe64eeb0 nmethod 8758 0x0000022580956c90 code [0x0000022580956e60, 0x0000022580957228]

GC Heap History (20 events):
Event: 38.786 GC heap before
{Heap before GC invocations=22 (full 0):
 garbage-first heap   total 76800K, used 66550K [0x0000000080000000, 0x0000000100000000)
  region size 1024K, 29 young (29696K), 4 survivors (4096K)
 Metaspace       used 66436K, committed 68096K, reserved 1114112K
  class space    used 9034K, committed 9856K, reserved 1048576K
}
Event: 38.813 GC heap after
{Heap after GC invocations=23 (full 0):
 garbage-first heap   total 76800K, used 46890K [0x0000000080000000, 0x0000000100000000)
  region size 1024K, 4 young (4096K), 4 survivors (4096K)
 Metaspace       used 66436K, committed 68096K, reserved 1114112K
  class space    used 9034K, committed 9856K, reserved 1048576K
}
Event: 39.886 GC heap before
{Heap before GC invocations=24 (full 0):
 garbage-first heap   total 78848K, used 66346K [0x0000000080000000, 0x0000000100000000)
  region size 1024K, 24 young (24576K), 4 survivors (4096K)
 Metaspace       used 66628K, committed 68288K, reserved 1114112K
  class space    used 9036K, committed 9856K, reserved 1048576K
}
Event: 39.902 GC heap after
{Heap after GC invocations=25 (full 0):
 garbage-first heap   total 78848K, used 48278K [0x0000000080000000, 0x0000000100000000)
  region size 1024K, 3 young (3072K), 3 survivors (3072K)
 Metaspace       used 66628K, committed 68288K, reserved 1114112K
  class space    used 9036K, committed 9856K, reserved 1048576K
}
Event: 41.170 GC heap before
{Heap before GC invocations=25 (full 0):
 garbage-first heap   total 78848K, used 68758K [0x0000000080000000, 0x0000000100000000)
  region size 1024K, 24 young (24576K), 3 survivors (3072K)
 Metaspace       used 66968K, committed 68608K, reserved 1114112K
  class space    used 9062K, committed 9856K, reserved 1048576K
}
Event: 41.190 GC heap after
{Heap after GC invocations=26 (full 0):
 garbage-first heap   total 78848K, used 48792K [0x0000000080000000, 0x0000000100000000)
  region size 1024K, 3 young (3072K), 3 survivors (3072K)
 Metaspace       used 66968K, committed 68608K, reserved 1114112K
  class space    used 9062K, committed 9856K, reserved 1048576K
}
Event: 42.555 GC heap before
{Heap before GC invocations=26 (full 0):
 garbage-first heap   total 78848K, used 69272K [0x0000000080000000, 0x0000000100000000)
  region size 1024K, 24 young (24576K), 3 survivors (3072K)
 Metaspace       used 67021K, committed 68608K, reserved 1114112K
  class space    used 9062K, committed 9856K, reserved 1048576K
}
Event: 42.581 GC heap after
{Heap after GC invocations=27 (full 0):
 garbage-first heap   total 95232K, used 49595K [0x0000000080000000, 0x0000000100000000)
  region size 1024K, 3 young (3072K), 3 survivors (3072K)
 Metaspace       used 67021K, committed 68608K, reserved 1114112K
  class space    used 9062K, committed 9856K, reserved 1048576K
}
Event: 44.108 GC heap before
{Heap before GC invocations=28 (full 0):
 garbage-first heap   total 95232K, used 82363K [0x0000000080000000, 0x0000000100000000)
  region size 1024K, 36 young (36864K), 3 survivors (3072K)
 Metaspace       used 67026K, committed 68608K, reserved 1114112K
  class space    used 9062K, committed 9856K, reserved 1048576K
}
Event: 44.121 GC heap after
{Heap after GC invocations=29 (full 0):
 garbage-first heap   total 95232K, used 50792K [0x0000000080000000, 0x0000000100000000)
  region size 1024K, 4 young (4096K), 4 survivors (4096K)
 Metaspace       used 67026K, committed 68608K, reserved 1114112K
  class space    used 9062K, committed 9856K, reserved 1048576K
}
Event: 45.163 GC heap before
{Heap before GC invocations=29 (full 0):
 garbage-first heap   total 95232K, used 83560K [0x0000000080000000, 0x0000000100000000)
  region size 1024K, 36 young (36864K), 4 survivors (4096K)
 Metaspace       used 67034K, committed 68672K, reserved 1114112K
  class space    used 9063K, committed 9856K, reserved 1048576K
}
Event: 45.179 GC heap after
{Heap after GC invocations=30 (full 0):
 garbage-first heap   total 95232K, used 50377K [0x0000000080000000, 0x0000000100000000)
  region size 1024K, 4 young (4096K), 4 survivors (4096K)
 Metaspace       used 67034K, committed 68672K, reserved 1114112K
  class space    used 9063K, committed 9856K, reserved 1048576K
}
Event: 45.480 GC heap before
{Heap before GC invocations=30 (full 0):
 garbage-first heap   total 95232K, used 57545K [0x0000000080000000, 0x0000000100000000)
  region size 1024K, 12 young (12288K), 4 survivors (4096K)
 Metaspace       used 67319K, committed 69056K, reserved 1114112K
  class space    used 9102K, committed 9984K, reserved 1048576K
}
Event: 45.492 GC heap after
{Heap after GC invocations=31 (full 0):
 garbage-first heap   total 95232K, used 51100K [0x0000000080000000, 0x0000000100000000)
  region size 1024K, 1 young (1024K), 1 survivors (1024K)
 Metaspace       used 67319K, committed 69056K, reserved 1114112K
  class space    used 9102K, committed 9984K, reserved 1048576K
}
Event: 47.190 GC heap before
{Heap before GC invocations=32 (full 0):
 garbage-first heap   total 95232K, used 94108K [0x0000000080000000, 0x0000000100000000)
  region size 1024K, 29 young (29696K), 1 survivors (1024K)
 Metaspace       used 68921K, committed 70656K, reserved 1114112K
  class space    used 9327K, committed 10240K, reserved 1048576K
}
Event: 47.205 GC heap after
{Heap after GC invocations=33 (full 0):
 garbage-first heap   total 104448K, used 73227K [0x0000000080000000, 0x0000000100000000)
  region size 1024K, 4 young (4096K), 4 survivors (4096K)
 Metaspace       used 68921K, committed 70656K, reserved 1114112K
  class space    used 9327K, committed 10240K, reserved 1048576K
}
Event: 47.776 GC heap before
{Heap before GC invocations=33 (full 0):
 garbage-first heap   total 104448K, used 91659K [0x0000000080000000, 0x0000000100000000)
  region size 1024K, 23 young (23552K), 4 survivors (4096K)
 Metaspace       used 70615K, committed 72320K, reserved 1114112K
  class space    used 9544K, committed 10432K, reserved 1048576K
}
Event: 47.788 GC heap after
{Heap after GC invocations=34 (full 0):
 garbage-first heap   total 104448K, used 73212K [0x0000000080000000, 0x0000000100000000)
  region size 1024K, 1 young (1024K), 1 survivors (1024K)
 Metaspace       used 70615K, committed 72320K, reserved 1114112K
  class space    used 9544K, committed 10432K, reserved 1048576K
}
Event: 48.622 GC heap before
{Heap before GC invocations=34 (full 0):
 garbage-first heap   total 104448K, used 92668K [0x0000000080000000, 0x0000000100000000)
  region size 1024K, 21 young (21504K), 1 survivors (1024K)
 Metaspace       used 72770K, committed 74496K, reserved 1114112K
  class space    used 9749K, committed 10624K, reserved 1048576K
}
Event: 48.627 GC heap after
{Heap after GC invocations=35 (full 0):
 garbage-first heap   total 104448K, used 73805K [0x0000000080000000, 0x0000000100000000)
  region size 1024K, 2 young (2048K), 2 survivors (2048K)
 Metaspace       used 72770K, committed 74496K, reserved 1114112K
  class space    used 9749K, committed 10624K, reserved 1048576K
}

Dll operation events (3 events):
Event: 0.133 Loaded shared library C:\Program Files\Android\Android Studio\jbr\bin\java.dll
Event: 0.176 Loaded shared library C:\Program Files\Android\Android Studio\jbr\bin\zip.dll
Event: 5.909 Loaded shared library C:\Program Files\Android\Android Studio\jbr\bin\verify.dll

Deoptimization events (20 events):
Event: 48.104 Thread 0x0000022594274690 Uncommon trap: trap_request=0xffffffde fr.pc=0x0000022587d964c4 relative=0x00000000000003c4
Event: 48.104 Thread 0x0000022594274690 Uncommon trap: reason=class_check action=maybe_recompile pc=0x0000022587d964c4 method=java.util.stream.AbstractPipeline.copyIntoWithCancel(Ljava/util/stream/Sink;Ljava/util/Spliterator;)Z @ 32 c2
Event: 48.104 Thread 0x0000022594274690 DEOPT PACKING pc=0x0000022587d964c4 sp=0x00000092730f6210
Event: 48.104 Thread 0x0000022594274690 DEOPT UNPACKING pc=0x000002258758469c sp=0x00000092730f60d0 mode 2
Event: 48.790 Thread 0x00000225fe2fd480 Uncommon trap: trap_request=0xffffffde fr.pc=0x0000022587b2fc9c relative=0x00000000000004dc
Event: 48.790 Thread 0x00000225fe2fd480 Uncommon trap: reason=class_check action=maybe_recompile pc=0x0000022587b2fc9c method=jdk.internal.ref.PhantomCleanable.clean()V @ 12 c2
Event: 48.790 Thread 0x00000225fe2fd480 DEOPT PACKING pc=0x0000022587b2fc9c sp=0x00000092727ff4d0
Event: 48.790 Thread 0x00000225fe2fd480 DEOPT UNPACKING pc=0x000002258758469c sp=0x00000092727ff4b0 mode 2
Event: 48.955 Thread 0x0000022594274690 Uncommon trap: trap_request=0xfffffff4 fr.pc=0x0000022587cba6f4 relative=0x0000000000000074
Event: 48.955 Thread 0x0000022594274690 Uncommon trap: reason=null_check action=make_not_entrant pc=0x0000022587cba6f4 method=java.lang.Class.isAnnotation()Z @ 1 c2
Event: 48.955 Thread 0x0000022594274690 DEOPT PACKING pc=0x0000022587cba6f4 sp=0x00000092730f7090
Event: 48.955 Thread 0x0000022594274690 DEOPT UNPACKING pc=0x000002258758469c sp=0x00000092730f7020 mode 2
Event: 49.109 Thread 0x0000022594274690 Uncommon trap: trap_request=0xffffffc6 fr.pc=0x0000022587b0b028 relative=0x0000000000000068
Event: 49.109 Thread 0x0000022594274690 Uncommon trap: reason=bimorphic_or_optimized_type_check action=maybe_recompile pc=0x0000022587b0b028 method=java.util.AbstractQueue.add(Ljava/lang/Object;)Z @ 2 c2
Event: 49.109 Thread 0x0000022594274690 DEOPT PACKING pc=0x0000022587b0b028 sp=0x00000092730f74b0
Event: 49.109 Thread 0x0000022594274690 DEOPT UNPACKING pc=0x000002258758469c sp=0x00000092730f7478 mode 2
Event: 49.109 Thread 0x0000022594274690 Uncommon trap: trap_request=0xffffffc6 fr.pc=0x0000022587b0b028 relative=0x0000000000000068
Event: 49.109 Thread 0x0000022594274690 Uncommon trap: reason=bimorphic_or_optimized_type_check action=maybe_recompile pc=0x0000022587b0b028 method=java.util.AbstractQueue.add(Ljava/lang/Object;)Z @ 2 c2
Event: 49.109 Thread 0x0000022594274690 DEOPT PACKING pc=0x0000022587b0b028 sp=0x00000092730f74b0
Event: 49.109 Thread 0x0000022594274690 DEOPT UNPACKING pc=0x000002258758469c sp=0x00000092730f7478 mode 2

Classes loaded (20 events):
Event: 48.895 Loading class java/time/format/DateTimeFormatterBuilder$NanosPrinterParser
Event: 48.895 Loading class java/time/format/DateTimeFormatterBuilder$NanosPrinterParser done
Event: 48.895 Loading class java/time/format/DateTimeFormatterBuilder$ZoneIdPrinterParser
Event: 48.895 Loading class java/time/format/DateTimeFormatterBuilder$ZoneIdPrinterParser done
Event: 48.896 Loading class java/time/format/DateTimeFormatterBuilder$StringLiteralPrinterParser
Event: 48.896 Loading class java/time/format/DateTimeFormatterBuilder$StringLiteralPrinterParser done
Event: 48.896 Loading class java/time/format/DateTimeFormatterBuilder$InstantPrinterParser
Event: 48.896 Loading class java/time/format/DateTimeFormatterBuilder$InstantPrinterParser done
Event: 48.896 Loading class java/time/format/DateTimeTextProvider$LocaleStore
Event: 48.897 Loading class java/time/format/DateTimeTextProvider$LocaleStore done
Event: 48.897 Loading class java/time/format/DateTimeTextProvider
Event: 48.897 Loading class java/time/format/DateTimeTextProvider done
Event: 48.897 Loading class java/time/format/DateTimeTextProvider$1
Event: 48.897 Loading class java/time/format/DateTimeTextProvider$1 done
Event: 48.897 Loading class java/time/format/DateTimeFormatterBuilder$1
Event: 48.897 Loading class java/time/format/DateTimeFormatterBuilder$1 done
Event: 48.897 Loading class java/time/format/DateTimeFormatterBuilder$TextPrinterParser
Event: 48.898 Loading class java/time/format/DateTimeFormatterBuilder$TextPrinterParser done
Event: 48.899 Loading class java/util/concurrent/Executors$DefaultThreadFactory
Event: 48.900 Loading class java/util/concurrent/Executors$DefaultThreadFactory done

Classes unloaded (0 events):
No events

Classes redefined (0 events):
No events

Internal exceptions (20 events):
Event: 45.226 Thread 0x0000022594274690 Exception <a 'java/lang/NoSuchMethodError'{0x0000000085b75c10}: 'void java.lang.invoke.DirectMethodHandle$Holder.invokeInterface(java.lang.Object, java.lang.Object, java.lang.Object, java.lang.Object)'> (0x0000000085b75c10) 
thrown [s\src\hotspot\share\interpreter\linkResolver.cpp, line 784]
Event: 45.230 Thread 0x0000022594274690 Exception <a 'java/lang/NoSuchMethodError'{0x0000000085b993c0}: 'long java.lang.invoke.DirectMethodHandle$Holder.invokeVirtual(java.lang.Object, java.lang.Object)'> (0x0000000085b993c0) 
thrown [s\src\hotspot\share\interpreter\linkResolver.cpp, line 784]
Event: 45.236 Thread 0x00000225942c9ed0 Exception <a 'java/lang/NoSuchMethodError'{0x0000000085bd7ac8}: static Lorg/gradle/internal/build/event/types/DefaultOperationFinishedProgressEvent;.<clinit>()V> (0x0000000085bd7ac8) 
thrown [s\src\hotspot\share\prims\jni.cpp, line 1135]
Event: 45.239 Thread 0x00000225942c9ed0 Exception <a 'java/lang/NoSuchMethodError'{0x0000000085a043f0}: static Lorg/gradle/internal/build/event/types/DefaultProjectConfigurationSuccessResult;.<clinit>()V> (0x0000000085a043f0) 
thrown [s\src\hotspot\share\prims\jni.cpp, line 1135]
Event: 45.240 Thread 0x00000225942c9ed0 Exception <a 'java/lang/NoSuchMethodError'{0x0000000085a05950}: static Lorg/gradle/internal/build/event/types/AbstractProjectConfigurationResult;.<clinit>()V> (0x0000000085a05950) 
thrown [s\src\hotspot\share\prims\jni.cpp, line 1135]
Event: 45.240 Thread 0x00000225942c9ed0 Exception <a 'java/lang/NoSuchMethodError'{0x0000000085a07150}: static Lorg/gradle/internal/build/event/types/AbstractOperationResult;.<clinit>()V> (0x0000000085a07150) 
thrown [s\src\hotspot\share\prims\jni.cpp, line 1135]
Event: 45.240 Thread 0x00000225942c9ed0 Exception <a 'java/lang/NoSuchMethodError'{0x0000000085a085a0}: static Lorg/gradle/internal/build/event/types/AbstractResult;.<clinit>()V> (0x0000000085a085a0) 
thrown [s\src\hotspot\share\prims\jni.cpp, line 1135]
Event: 45.243 Thread 0x00000225942c9ed0 Exception <a 'java/lang/NoSuchMethodError'{0x0000000085a22140}: static Lorg/gradle/internal/build/event/types/DefaultPluginApplicationResult;.<clinit>()V> (0x0000000085a22140) 
thrown [s\src\hotspot\share\prims\jni.cpp, line 1135]
Event: 45.244 Thread 0x00000225942c9ed0 Exception <a 'java/lang/NoSuchMethodError'{0x0000000085a2ef88}: static Lorg/gradle/internal/build/event/types/DefaultBinaryPluginIdentifier;.<clinit>()V> (0x0000000085a2ef88) 
thrown [s\src\hotspot\share\prims\jni.cpp, line 1135]
Event: 45.259 Thread 0x00000225942c9ed0 Exception <a 'java/lang/NoSuchMethodError'{0x0000000085a7ca60}: static Lorg/gradle/internal/build/event/types/DefaultScriptPluginIdentifier;.<clinit>()V> (0x0000000085a7ca60) 
thrown [s\src\hotspot\share\prims\jni.cpp, line 1135]
Event: 45.426 Thread 0x0000022594274690 Implicit null exception at 0x0000022587daea5d to 0x0000022587daef08
Event: 45.426 Thread 0x0000022594274690 Implicit null exception at 0x0000022587daddbf to 0x0000022587dae250
Event: 45.904 Thread 0x0000022594274690 Exception <a 'java/lang/NoSuchMethodError'{0x0000000085918df0}: 'void java.lang.invoke.Invokers$Holder.invoke_MT(java.lang.Object, java.lang.Object, java.lang.Object, java.lang.Object)'> (0x0000000085918df0) 
thrown [s\src\hotspot\share\interpreter\linkResolver.cpp, line 784]
Event: 45.923 Thread 0x0000022594274690 Exception <a 'java/lang/NoSuchMethodError'{0x0000000085992bd8}: 'java.lang.Object java.lang.invoke.DirectMethodHandle$Holder.invokeSpecial(java.lang.Object, java.lang.Object, java.lang.Object, int, java.lang.Object, java.lang.Object)'> (0x0000000085992bd8) 
thrown [s\src\hotspot\share\interpreter\linkResolver.cpp, line 784]
Event: 46.708 Thread 0x0000022594274690 Exception <a 'java/lang/ClassNotFoundException'{0x0000000084f3f4c0}: sun/misc/SharedSecrets> (0x0000000084f3f4c0) 
thrown [s\src\hotspot\share\classfile\systemDictionary.cpp, line 312]
Event: 46.708 Thread 0x0000022594274690 Exception <a 'java/lang/ClassNotFoundException'{0x0000000084f40d50}: org/gradle/api/internal/plugins/DefaultObjectConfigurationActionBeanInfo> (0x0000000084f40d50) 
thrown [s\src\hotspot\share\classfile\systemDictionary.cpp, line 312]
Event: 46.711 Thread 0x0000022594274690 Exception <a 'java/lang/ClassNotFoundException'{0x0000000084f54568}: org/gradle/api/internal/plugins/DefaultObjectConfigurationActionCustomizer> (0x0000000084f54568) 
thrown [s\src\hotspot\share\classfile\systemDictionary.cpp, line 312]
Event: 46.713 Thread 0x0000022594274690 Implicit null exception at 0x0000022587c074e5 to 0x0000022587c07770
Event: 46.714 Thread 0x0000022594274690 Exception <a 'java/lang/NoSuchMethodError'{0x0000000084f61ad0}: 'int java.lang.invoke.DirectMethodHandle$Holder.invokeSpecial(java.lang.Object, java.lang.Object, java.lang.Object, int)'> (0x0000000084f61ad0) 
thrown [s\src\hotspot\share\interpreter\linkResolver.cpp, line 784]
Event: 46.715 Thread 0x0000022594274690 Exception <a 'java/lang/NoSuchMethodError'{0x0000000084f72aa0}: 'java.lang.Object java.lang.invoke.DirectMethodHandle$Holder.invokeStatic(java.lang.Object, java.lang.Object, java.lang.Object, java.lang.Object, int)'> (0x0000000084f72aa0) 
thrown [s\src\hotspot\share\interpreter\linkResolver.cpp, line 784]

ZGC Phase Switch (0 events):
No events

VM Operations (20 events):
Event: 45.480 Executing VM operation: G1TryInitiateConcMark (G1 Humongous Allocation)
Event: 45.492 Executing VM operation: G1TryInitiateConcMark (G1 Humongous Allocation) done
Event: 45.637 Executing VM operation: G1PauseRemark
Event: 45.650 Executing VM operation: G1PauseRemark done
Event: 45.723 Executing VM operation: G1PauseCleanup
Event: 45.723 Executing VM operation: G1PauseCleanup done
Event: 46.012 Executing VM operation: HandshakeAllThreads (Deoptimize)
Event: 46.012 Executing VM operation: HandshakeAllThreads (Deoptimize) done
Event: 47.006 Executing VM operation: Cleanup
Event: 47.007 Executing VM operation: Cleanup done
Event: 47.190 Executing VM operation: G1CollectForAllocation (G1 Evacuation Pause)
Event: 47.205 Executing VM operation: G1CollectForAllocation (G1 Evacuation Pause) done
Event: 47.776 Executing VM operation: G1CollectForAllocation (G1 Evacuation Pause)
Event: 47.788 Executing VM operation: G1CollectForAllocation (G1 Evacuation Pause) done
Event: 48.622 Executing VM operation: G1CollectForAllocation (G1 Evacuation Pause)
Event: 48.627 Executing VM operation: G1CollectForAllocation (G1 Evacuation Pause) done
Event: 48.776 Executing VM operation: G1PauseRemark
Event: 48.790 Executing VM operation: G1PauseRemark done
Event: 48.869 Executing VM operation: G1PauseCleanup
Event: 48.885 Executing VM operation: G1PauseCleanup done

Memory protections (0 events):
No events

Nmethod flushes (20 events):
Event: 48.788 Thread 0x00000225fe38cf30 flushing  nmethod 0x000002258096ee90
Event: 48.788 Thread 0x00000225fe38cf30 flushing  nmethod 0x00000225809f0910
Event: 48.788 Thread 0x00000225fe38cf30 flushing  nmethod 0x0000022580a70610
Event: 48.788 Thread 0x00000225fe38cf30 flushing  nmethod 0x0000022580a84990
Event: 48.788 Thread 0x00000225fe38cf30 flushing  nmethod 0x0000022580a95390
Event: 48.788 Thread 0x00000225fe38cf30 flushing  nmethod 0x0000022580a95d10
Event: 48.788 Thread 0x00000225fe38cf30 flushing  nmethod 0x0000022580a9dc10
Event: 48.788 Thread 0x00000225fe38cf30 flushing  nmethod 0x0000022580acc910
Event: 48.788 Thread 0x00000225fe38cf30 flushing  nmethod 0x0000022580acf910
Event: 48.788 Thread 0x00000225fe38cf30 flushing  nmethod 0x0000022580adf390
Event: 48.788 Thread 0x00000225fe38cf30 flushing  nmethod 0x0000022580b81910
Event: 48.788 Thread 0x00000225fe38cf30 flushing  nmethod 0x0000022580b8d790
Event: 48.788 Thread 0x00000225fe38cf30 flushing  nmethod 0x0000022580ba4110
Event: 48.788 Thread 0x00000225fe38cf30 flushing  nmethod 0x0000022580bba290
Event: 48.788 Thread 0x00000225fe38cf30 flushing  nmethod 0x0000022580be4e10
Event: 48.788 Thread 0x00000225fe38cf30 flushing  nmethod 0x0000022580bf3a10
Event: 48.788 Thread 0x00000225fe38cf30 flushing  nmethod 0x0000022580bf3f90
Event: 48.788 Thread 0x00000225fe38cf30 flushing  nmethod 0x0000022580bf7b10
Event: 48.788 Thread 0x00000225fe38cf30 flushing  nmethod 0x0000022580c08e10
Event: 48.788 Thread 0x00000225fe38cf30 flushing  nmethod 0x0000022580c39590

Events (20 events):
Event: 15.968 Thread 0x00000225940375d0 Thread added: 0x0000022594274020
Event: 15.996 Thread 0x00000225940375d0 Thread added: 0x0000022594274690
Event: 16.020 Thread 0x0000022594274690 Thread added: 0x00000225942cb280
Event: 16.028 Thread 0x0000022594274690 Thread added: 0x00000225942cbfa0
Event: 16.032 Thread 0x0000022594274690 Thread added: 0x00000225942c9ed0
Event: 17.308 Thread 0x0000022594274690 Thread added: 0x00000225942ca560
Event: 17.333 Thread 0x0000022594274690 Thread added: 0x00000225942cabf0
Event: 17.473 Thread 0x0000022594274690 Thread added: 0x00000225942cb910
Event: 21.189 Thread 0x0000022594274690 Thread added: 0x00000225942c91b0
Event: 21.229 Thread 0x0000022594274690 Thread added: 0x00000225942c9840
Event: 22.798 Thread 0x0000022594274690 Thread added: 0x0000022595a4fa30
Event: 22.829 Thread 0x0000022594274690 Thread added: 0x0000022595a4bf20
Event: 23.811 Thread 0x0000022594274690 Thread added: 0x0000022595a500c0
Event: 23.916 Thread 0x0000022594274690 Thread added: 0x0000022595a4f3a0
Event: 24.288 Thread 0x0000022594274690 Thread added: 0x0000022595a51470
Event: 24.570 Thread 0x0000022594274690 Thread added: 0x0000022595a50de0
Event: 37.385 Thread 0x0000022594274690 Thread added: 0x0000022595a4b200
Event: 38.075 Thread 0x0000022594274690 Thread added: 0x0000022595a4b890
Event: 40.013 Thread 0x0000022594274690 Thread added: 0x0000022595a4d2d0
Event: 49.037 Thread 0x0000022594274690 Thread added: 0x0000022595a4dff0


Dynamic libraries:
0x00007ff696eb0000 - 0x00007ff696eba000 	C:\Program Files\Android\Android Studio\jbr\bin\java.exe
0x00007ffeb5670000 - 0x00007ffeb5868000 	C:\Windows\SYSTEM32\ntdll.dll
0x00007ffeb4f60000 - 0x00007ffeb5022000 	C:\Windows\System32\KERNEL32.DLL
0x00007ffeb2e20000 - 0x00007ffeb311f000 	C:\Windows\System32\KERNELBASE.dll
0x00007ffeaede0000 - 0x00007ffeaee74000 	C:\Windows\SYSTEM32\apphelp.dll
0x00007ffeb3290000 - 0x00007ffeb3390000 	C:\Windows\System32\ucrtbase.dll
0x00007ffe99150000 - 0x00007ffe99168000 	C:\Program Files\Android\Android Studio\jbr\bin\jli.dll
0x00007ffea0ef0000 - 0x00007ffea0f0b000 	C:\Program Files\Android\Android Studio\jbr\bin\VCRUNTIME140.dll
0x00007ffeb45d0000 - 0x00007ffeb476d000 	C:\Windows\System32\USER32.dll
0x00007ffeb31b0000 - 0x00007ffeb31d2000 	C:\Windows\System32\win32u.dll
0x00007ffeb51d0000 - 0x00007ffeb51fb000 	C:\Windows\System32\GDI32.dll
0x00007ffeb2d00000 - 0x00007ffeb2e17000 	C:\Windows\System32\gdi32full.dll
0x00007ffeb35b0000 - 0x00007ffeb364d000 	C:\Windows\System32\msvcp_win.dll
0x00007ffe91800000 - 0x00007ffe91a9a000 	C:\Windows\WinSxS\amd64_microsoft.windows.common-controls_6595b64144ccf1df_6.0.19041.4355_none_60b8b9eb71f62e16\COMCTL32.dll
0x00007ffeb4400000 - 0x00007ffeb449e000 	C:\Windows\System32\msvcrt.dll
0x00007ffeb3870000 - 0x00007ffeb389f000 	C:\Windows\System32\IMM32.DLL
0x00007ffeaa530000 - 0x00007ffeaa53c000 	C:\Program Files\Android\Android Studio\jbr\bin\vcruntime140_1.dll
0x00007ffe82240000 - 0x00007ffe822cd000 	C:\Program Files\Android\Android Studio\jbr\bin\msvcp140.dll
0x00007ffe59e20000 - 0x00007ffe5aaa3000 	C:\Program Files\Android\Android Studio\jbr\bin\server\jvm.dll
0x00007ffeb3d90000 - 0x00007ffeb3e41000 	C:\Windows\System32\ADVAPI32.dll
0x00007ffeb5200000 - 0x00007ffeb529f000 	C:\Windows\System32\sechost.dll
0x00007ffeb3f20000 - 0x00007ffeb4043000 	C:\Windows\System32\RPCRT4.dll
0x00007ffeb2cd0000 - 0x00007ffeb2cf7000 	C:\Windows\System32\bcrypt.dll
0x00007ffeb41d0000 - 0x00007ffeb423b000 	C:\Windows\System32\WS2_32.dll
0x00007ffeb2b30000 - 0x00007ffeb2b7b000 	C:\Windows\SYSTEM32\POWRPROF.dll
0x00007ffeafd80000 - 0x00007ffeafd8a000 	C:\Windows\SYSTEM32\VERSION.dll
0x00007ffe96760000 - 0x00007ffe96787000 	C:\Windows\SYSTEM32\WINMM.dll
0x00007ffeb2a60000 - 0x00007ffeb2a72000 	C:\Windows\SYSTEM32\UMPDC.dll
0x00007ffeb1540000 - 0x00007ffeb1552000 	C:\Windows\SYSTEM32\kernel.appcore.dll
0x00007ffea2430000 - 0x00007ffea243a000 	C:\Program Files\Android\Android Studio\jbr\bin\jimage.dll
0x00007ffeb1210000 - 0x00007ffeb13f4000 	C:\Windows\SYSTEM32\DBGHELP.DLL
0x00007ffea23d0000 - 0x00007ffea2404000 	C:\Windows\SYSTEM32\dbgcore.DLL
0x00007ffeb3120000 - 0x00007ffeb31a2000 	C:\Windows\System32\bcryptPrimitives.dll
0x00007ffea99d0000 - 0x00007ffea99de000 	C:\Program Files\Android\Android Studio\jbr\bin\instrument.dll
0x00007ffea0d20000 - 0x00007ffea0d40000 	C:\Program Files\Android\Android Studio\jbr\bin\java.dll
0x00007ffea0ce0000 - 0x00007ffea0cf8000 	C:\Program Files\Android\Android Studio\jbr\bin\zip.dll
0x00007ffeb4770000 - 0x00007ffeb4ede000 	C:\Windows\System32\SHELL32.dll
0x00007ffeb0990000 - 0x00007ffeb1134000 	C:\Windows\SYSTEM32\windows.storage.dll
0x00007ffeb52a0000 - 0x00007ffeb55f5000 	C:\Windows\System32\combase.dll
0x00007ffeb2630000 - 0x00007ffeb265f000 	C:\Windows\SYSTEM32\Wldp.dll
0x00007ffeb3e50000 - 0x00007ffeb3f1d000 	C:\Windows\System32\OLEAUT32.dll
0x00007ffeb3700000 - 0x00007ffeb37ad000 	C:\Windows\System32\SHCORE.dll
0x00007ffeb3d20000 - 0x00007ffeb3d75000 	C:\Windows\System32\shlwapi.dll
0x00007ffeb2c00000 - 0x00007ffeb2c24000 	C:\Windows\SYSTEM32\profapi.dll
0x00007ffea1e60000 - 0x00007ffea1e70000 	C:\Program Files\Android\Android Studio\jbr\bin\net.dll
0x00007ffe9cbf0000 - 0x00007ffe9ccfd000 	C:\Windows\SYSTEM32\WINHTTP.dll
0x00007ffeb2390000 - 0x00007ffeb23fa000 	C:\Windows\system32\mswsock.dll
0x00007ffe9ece0000 - 0x00007ffe9ecf6000 	C:\Program Files\Android\Android Studio\jbr\bin\nio.dll
0x00007ffea0d90000 - 0x00007ffea0da0000 	C:\Program Files\Android\Android Studio\jbr\bin\verify.dll
0x00007ffe94fe0000 - 0x00007ffe95007000 	C:\Users\Karen\.gradle\native\c067742578af261105cb4f569cf0c3c89f3d7b1fecec35dd04571415982c5e48\windows-amd64\native-platform.dll
0x00007ffe74b00000 - 0x00007ffe74c44000 	C:\Users\Karen\.gradle\native\100fb08df4bc3b14c8652ba06237920a3bd2aa13389f12d3474272988ae205f9\windows-amd64\native-platform-file-events.dll
0x00007ffea1e10000 - 0x00007ffea1e19000 	C:\Program Files\Android\Android Studio\jbr\bin\management.dll
0x00007ffea1de0000 - 0x00007ffea1deb000 	C:\Program Files\Android\Android Studio\jbr\bin\management_ext.dll
0x00007ffeb3d80000 - 0x00007ffeb3d88000 	C:\Windows\System32\PSAPI.DLL
0x00007ffeb2590000 - 0x00007ffeb25a8000 	C:\Windows\SYSTEM32\CRYPTSP.dll
0x00007ffeb1cb0000 - 0x00007ffeb1ce4000 	C:\Windows\system32\rsaenh.dll
0x00007ffeb2bc0000 - 0x00007ffeb2bee000 	C:\Windows\SYSTEM32\USERENV.dll
0x00007ffeb2580000 - 0x00007ffeb258c000 	C:\Windows\SYSTEM32\CRYPTBASE.dll
0x00007ffeb2070000 - 0x00007ffeb20ab000 	C:\Windows\SYSTEM32\IPHLPAPI.DLL
0x00007ffeb5030000 - 0x00007ffeb5038000 	C:\Windows\System32\NSI.dll
0x00007ffea1e30000 - 0x00007ffea1e39000 	C:\Program Files\Android\Android Studio\jbr\bin\extnet.dll
0x00007ffe90ea0000 - 0x00007ffe90ea7000 	C:\Windows\system32\wshunix.dll

dbghelp: loaded successfully - version: 4.0.5 - missing functions: none
symbol engine: initialized successfully - sym options: 0x614 - pdb path: .;C:\Program Files\Android\Android Studio\jbr\bin;C:\Windows\SYSTEM32;C:\Windows\WinSxS\amd64_microsoft.windows.common-controls_6595b64144ccf1df_6.0.19041.4355_none_60b8b9eb71f62e16;C:\Program Files\Android\Android Studio\jbr\bin\server;C:\Users\Karen\.gradle\native\c067742578af261105cb4f569cf0c3c89f3d7b1fecec35dd04571415982c5e48\windows-amd64;C:\Users\Karen\.gradle\native\100fb08df4bc3b14c8652ba06237920a3bd2aa13389f12d3474272988ae205f9\windows-amd64

VM Arguments:
jvm_args: --add-opens=java.base/java.util=ALL-UNNAMED --add-opens=java.base/java.lang=ALL-UNNAMED --add-opens=java.base/java.lang.invoke=ALL-UNNAMED --add-opens=java.prefs/java.util.prefs=ALL-UNNAMED --add-exports=jdk.compiler/com.sun.tools.javac.api=ALL-UNNAMED --add-exports=jdk.compiler/com.sun.tools.javac.util=ALL-UNNAMED --add-opens=java.base/java.nio.charset=ALL-UNNAMED --add-opens=java.base/java.net=ALL-UNNAMED --add-opens=java.base/java.util.concurrent.atomic=ALL-UNNAMED -Xmx2048m -Dfile.encoding=UTF-8 -Duser.country=FR -Duser.language=fr -Duser.variant -javaagent:C:\Users\Karen\.gradle\wrapper\dists\gradle-8.10.2-bin\a04bxjujx95o3nb99gddekhwo\gradle-8.10.2\lib\agents\gradle-instrumentation-agent-8.10.2.jar 
java_command: org.gradle.launcher.daemon.bootstrap.GradleDaemon 8.10.2
java_class_path (initial): C:\Users\Karen\.gradle\wrapper\dists\gradle-8.10.2-bin\a04bxjujx95o3nb99gddekhwo\gradle-8.10.2\lib\gradle-daemon-main-8.10.2.jar
Launcher Type: SUN_STANDARD

[Global flags]
     intx CICompilerCount                          = 2                                         {product} {ergonomic}
     uint ConcGCThreads                            = 1                                         {product} {ergonomic}
     uint G1ConcRefinementThreads                  = 2                                         {product} {ergonomic}
   size_t G1HeapRegionSize                         = 1048576                                   {product} {ergonomic}
    uintx GCDrainStackTargetSize                   = 64                                        {product} {ergonomic}
   size_t InitialHeapSize                          = 65011712                                  {product} {ergonomic}
   size_t MarkStackSize                            = 4194304                                   {product} {ergonomic}
   size_t MaxHeapSize                              = 2147483648                                {product} {command line}
   size_t MaxNewSize                               = 1287651328                                {product} {ergonomic}
   size_t MinHeapDeltaBytes                        = 1048576                                   {product} {ergonomic}
   size_t MinHeapSize                              = 8388608                                   {product} {ergonomic}
    uintx NonNMethodCodeHeapSize                   = 5826188                                {pd product} {ergonomic}
    uintx NonProfiledCodeHeapSize                  = 122916026                              {pd product} {ergonomic}
    uintx ProfiledCodeHeapSize                     = 122916026                              {pd product} {ergonomic}
    uintx ReservedCodeCacheSize                    = 251658240                              {pd product} {ergonomic}
     bool SegmentedCodeCache                       = true                                      {product} {ergonomic}
   size_t SoftMaxHeapSize                          = 2147483648                             {manageable} {ergonomic}
     bool UseCompressedOops                        = true                           {product lp64_product} {ergonomic}
     bool UseG1GC                                  = true                                      {product} {ergonomic}
     bool UseLargePagesIndividualAllocation        = false                                  {pd product} {ergonomic}

Logging:
Log output configuration:
 #0: stdout all=warning uptime,level,tags foldmultilines=false
 #1: stderr all=off uptime,level,tags foldmultilines=false

Environment Variables:
PATH=C:\app\Karen\product\21c\dbhomeXE\bin;C:\Program Files\Addinsoft\XLSTAT\;C:\Program Files\Common Files\Oracle\Java\javapath;C:\Program Files (x86)\Common Files\Oracle\Java\java8path;C:\Program Files (x86)\Common Files\Oracle\Java\javapath;C:\Python312\Scripts\;C:\Python312\;C:\Program Files (x86)\VMware\VMware Player\bin\;C:\Windows\system32;C:\Windows;C:\Windows\System32\Wbem;C:\Windows\System32\WindowsPowerShell\v1.0\;C:\Windows\System32\OpenSSH\;C:\ProgramData\chocolatey\bin;C:\Program Files\Git\cmd;C:\Program Files\Microsoft VS Code\bin;C:\Program Files\nodejs\;C:\tools\php83;C:\ProgramData\ComposerSetup\bin;C:\Users\Karen\apache-maven-3.9.8-bin\apache-maven-3.9.8\bin;C:\Program Files\Java\jre-1.8\bin;C:\Program Files\PowerShell\7\;C:\sml\bin;C:\Program Files\PostgreSQL\16\bin;C:\Program Files\PowerShell\7-preview\preview;C:\Users\Karen\AppData\Local\Microsoft\WindowsApps;C:\Users\Karen\AppData\Roaming\npm;C:\Users\Karen\AppData\Roaming\Composer\vendor\bin;C:\Program Files\JetBrains\IntelliJ IDEA Community Edition 2024.2.4\bin;
USERNAME=Karen
OS=Windows_NT
PROCESSOR_IDENTIFIER=Intel64 Family 6 Model 122 Stepping 8, GenuineIntel
TMP=C:\Users\Karen\AppData\Local\Temp
TEMP=C:\Users\Karen\AppData\Local\Temp




Periodic native trim disabled

JNI global refs:
JNI global refs: 25, weak refs: 1

JNI global refs memory usage: 835, weak refs: 833

Process memory usage:
Resident Set Size: 281172K (7% of 4000792K total physical memory with 82492K free physical memory)

OOME stack traces (most recent first):
Classloader memory used:
Loader org.gradle.internal.classloader.VisitableURLClassLoader                         : 34436K
Loader bootstrap                                                                       : 23522K
Loader org.gradle.initialization.MixInLegacyTypesClassLoader                           : 9566K
Loader org.gradle.internal.classloader.VisitableURLClassLoader$InstrumentingVisitableURLClassLoader: 5792K
Loader jdk.internal.loader.ClassLoaders$PlatformClassLoader                            : 552K
Loader jdk.internal.loader.ClassLoaders$AppClassLoader                                 : 234K
Loader org.gradle.internal.classloader.VisitableURLClassLoader                         : 199K
Loader jdk.internal.reflect.DelegatingClassLoader                                      : 130K

Classes loaded by more than one classloader:
Class Program                                                                         : loaded 4 times (x 70B)
Class com.google.common.base.PairwiseEquivalence                                      : loaded 2 times (x 79B)
Class com.google.common.collect.RegularImmutableMap$KeySet                            : loaded 2 times (x 146B)
Class org.gradle.internal.classloader.FilteringClassLoader                            : loaded 2 times (x 101B)
Class [Lcom.google.common.base.AbstractIterator$State;                                : loaded 2 times (x 65B)
Class com.google.common.base.CharMatcher$IsEither                                     : loaded 2 times (x 107B)
Class org.gradle.internal.classloader.ClassLoaderHierarchy                            : loaded 2 times (x 66B)
Class com.google.common.util.concurrent.ExecutionError                                : loaded 2 times (x 78B)
Class com.google.common.collect.ImmutableList$1                                       : loaded 2 times (x 93B)
Class org.gradle.api.internal.classpath.ManifestUtil                                  : loaded 2 times (x 67B)
Class com.google.common.collect.RegularImmutableMap                                   : loaded 2 times (x 117B)
Class com.google.common.collect.ImmutableMap$MapViewOfValuesAsSingletonSets           : loaded 2 times (x 121B)
Class com.google.common.collect.UnmodifiableListIterator                              : loaded 2 times (x 91B)
Class [Lcom.google.common.cache.CacheBuilder$OneWeigher;                              : loaded 2 times (x 65B)
Class com.google.common.base.Suppliers                                                : loaded 2 times (x 67B)
Class org.gradle.internal.classloader.DefaultClassLoaderFactory                       : loaded 2 times (x 78B)
Class com.google.common.base.CharMatcher$None                                         : loaded 2 times (x 108B)
Class org.gradle.internal.classloader.ClassLoaderVisitor                              : loaded 2 times (x 72B)
Class [Lcom.google.common.collect.ImmutableMapEntry;                                  : loaded 2 times (x 65B)
Class org.gradle.api.internal.classpath.EffectiveClassPath                            : loaded 2 times (x 86B)
Class com.google.common.collect.ImmutableEnumMap                                      : loaded 2 times (x 121B)
Class com.google.common.collect.ListMultimap                                          : loaded 2 times (x 66B)
Class com.google.common.base.Splitter                                                 : loaded 2 times (x 68B)
Class org.gradle.api.internal.DefaultClassPathProvider                                : loaded 2 times (x 72B)
Class [Lorg.gradle.api.internal.ClassPathProvider;                                    : loaded 2 times (x 65B)
Class org.gradle.api.internal.ClassPathProvider                                       : loaded 2 times (x 66B)
Class com.google.common.util.concurrent.AbstractFuture$SafeAtomicHelper               : loaded 2 times (x 75B)
Class com.google.common.cache.LocalCache$LocalLoadingCache                            : loaded 2 times (x 130B)
Class com.google.common.base.AbstractIterator$State                                   : loaded 2 times (x 75B)
Class org.gradle.internal.service.UnknownServiceException                             : loaded 2 times (x 79B)
Class com.google.common.cache.LocalCache$Strength$1                                   : loaded 2 times (x 77B)
Class com.google.common.util.concurrent.SettableFuture                                : loaded 2 times (x 110B)
Class com.google.common.cache.LocalCache$Strength$2                                   : loaded 2 times (x 77B)
Class com.google.common.cache.LocalCache$Strength$3                                   : loaded 2 times (x 77B)
Class com.google.common.collect.MapDifference                                         : loaded 2 times (x 66B)
Class com.google.common.base.Splitter$1                                               : loaded 2 times (x 73B)
Class com.google.common.cache.CacheBuilder$NullListener                               : loaded 2 times (x 78B)
Class org.gradle.internal.classpath.TransformedClassPath                              : loaded 2 times (x 92B)
Class org.gradle.internal.classloader.InstrumentingClassLoader                        : loaded 2 times (x 66B)
Class com.google.common.cache.CacheLoader$FunctionToCacheLoader                       : loaded 2 times (x 71B)
Class com.google.common.collect.Iterators$ArrayItr                                    : loaded 2 times (x 93B)
Class com.google.common.collect.ImmutableCollection$Builder                           : loaded 2 times (x 72B)
Class com.google.common.base.MoreObjects                                              : loaded 2 times (x 67B)
Class com.google.common.collect.Platform                                              : loaded 2 times (x 67B)
Class com.google.common.collect.UnmodifiableIterator                                  : loaded 2 times (x 76B)
Class org.gradle.internal.service.ServiceLocator                                      : loaded 2 times (x 66B)
Class com.google.common.cache.LocalCache$1                                            : loaded 2 times (x 85B)
Class com.google.common.collect.AbstractMapEntry                                      : loaded 2 times (x 77B)
Class com.google.common.cache.LocalCache$2                                            : loaded 2 times (x 138B)
Class com.google.common.collect.AbstractMultimap                                      : loaded 2 times (x 119B)
Class com.google.common.util.concurrent.AbstractFuture$UnsafeAtomicHelper$1           : loaded 2 times (x 72B)
Class com.google.common.collect.RegularImmutableAsList                                : loaded 2 times (x 212B)
Class com.google.common.util.concurrent.AbstractFuture$Trusted                        : loaded 2 times (x 66B)
Class com.google.common.collect.Iterators                                             : loaded 2 times (x 67B)
Class com.google.common.base.CharMatcher$RangesMatcher                                : loaded 2 times (x 108B)
Class com.google.common.util.concurrent.UncheckedExecutionException                   : loaded 2 times (x 78B)
Class com.google.common.collect.Lists$StringAsImmutableList                           : loaded 2 times (x 203B)
Class org.gradle.kotlin.dsl.VersionCatalogAccessorsKt                                 : loaded 2 times (x 67B)
Class com.google.common.base.CharMatcher$JavaLetterOrDigit                            : loaded 2 times (x 107B)
Class org.gradle.internal.InternalTransformer                                         : loaded 2 times (x 66B)
Class com.google.common.cache.CacheLoader$UnsupportedLoadingOperationException        : loaded 2 times (x 78B)
Class com.google.common.base.CharMatcher$And                                          : loaded 2 times (x 108B)
Class org.gradle.internal.classloader.ClasspathUtil$1                                 : loaded 2 times (x 72B)
Class com.google.common.collect.IndexedImmutableSet                                   : loaded 2 times (x 146B)
Class com.google.common.collect.ImmutableMap$1                                        : loaded 2 times (x 77B)
Class com.google.common.collect.BiMap                                                 : loaded 2 times (x 66B)
Class org.gradle.api.internal.classpath.DefaultModuleRegistry$DefaultModule           : loaded 2 times (x 82B)
Class com.google.common.collect.AbstractIterator                                      : loaded 2 times (x 78B)
Class com.google.common.math.MathPreconditions                                        : loaded 2 times (x 67B)
Class com.google.common.collect.Multiset                                              : loaded 2 times (x 66B)
Class com.google.common.collect.ArrayListMultimapGwtSerializationDependencies         : loaded 2 times (x 168B)
Class com.google.common.collect.ObjectArrays                                          : loaded 2 times (x 67B)
Class com.google.common.collect.AbstractIndexedListIterator                           : loaded 2 times (x 92B)
Class com.google.common.collect.ImmutableMapEntrySet                                  : loaded 2 times (x 147B)
Class org.gradle.api.internal.classpath.Module                                        : loaded 2 times (x 66B)
Class com.google.common.cache.Weigher                                                 : loaded 2 times (x 66B)
Class org.gradle.api.internal.classpath.UnknownModuleException                        : loaded 2 times (x 78B)
Class com.google.common.base.Stopwatch                                                : loaded 2 times (x 68B)
Class com.google.common.cache.LocalCache$Strength                                     : loaded 2 times (x 77B)
Class com.google.common.cache.Cache                                                   : loaded 2 times (x 66B)
Class com.google.common.util.concurrent.AbstractFuture$Cancellation                   : loaded 2 times (x 68B)
Class com.google.common.collect.ImmutableMap$Builder                                  : loaded 2 times (x 78B)
Class com.google.common.base.NullnessCasts                                            : loaded 2 times (x 67B)
Class com.google.common.cache.RemovalListener                                         : loaded 2 times (x 66B)
Class org.gradle.api.internal.DefaultClassPathRegistry                                : loaded 2 times (x 72B)
Class com.google.common.collect.Multimap                                              : loaded 2 times (x 66B)
Class org.gradle.api.internal.ClassPathRegistry                                       : loaded 2 times (x 66B)
Class org.gradle.internal.classpath.DefaultClassPath$ImmutableUniqueList              : loaded 2 times (x 195B)
Class com.google.common.cache.CacheBuilder                                            : loaded 2 times (x 68B)
Class com.google.common.collect.SingletonImmutableList                                : loaded 2 times (x 203B)
Class com.google.common.base.Equivalence$Identity                                     : loaded 2 times (x 78B)
Class Settings_gradle$1                                                               : loaded 2 times (x 70B)
Class org.gradle.internal.classpath.ClassPath                                         : loaded 2 times (x 66B)
Class org.gradle.api.UncheckedIOException                                             : loaded 2 times (x 78B)
Class com.google.common.collect.ImmutableList$ReverseImmutableList                    : loaded 2 times (x 204B)
Class com.google.common.base.JdkPattern                                               : loaded 2 times (x 71B)
Class com.google.common.util.concurrent.AbstractFuture$AtomicHelper                   : loaded 2 times (x 74B)
Class com.google.common.base.Suppliers$SupplierOfInstance                             : loaded 2 times (x 75B)
Class com.google.common.collect.Iterators$1                                           : loaded 2 times (x 77B)
Class com.google.common.cache.LocalCache$ComputingValueReference                      : loaded 2 times (x 92B)
Class com.google.common.collect.SingletonImmutableSet                                 : loaded 2 times (x 142B)
Class com.google.common.collect.ImmutableMap$IteratorBasedImmutableMap                : loaded 2 times (x 121B)
Class com.google.common.cache.LocalCache$Segment                                      : loaded 2 times (x 150B)
Class com.google.common.cache.CacheLoader                                             : loaded 2 times (x 70B)
Class com.google.common.collect.Iterators$4                                           : loaded 2 times (x 78B)
Class com.google.common.collect.ImmutableBiMap                                        : loaded 2 times (x 139B)
Class com.google.common.collect.AbstractListMultimap                                  : loaded 2 times (x 168B)
Class org.gradle.internal.installation.GradleInstallation$1                           : loaded 2 times (x 71B)
Class org.gradle.api.internal.classpath.ModuleRegistry                                : loaded 2 times (x 66B)
Class com.google.common.util.concurrent.internal.InternalFutureFailureAccess          : loaded 2 times (x 68B)
Class com.google.common.collect.Iterators$5                                           : loaded 2 times (x 78B)
Class com.google.common.collect.ImmutableSet$JdkBackedSetBuilderImpl                  : loaded 2 times (x 72B)
Class com.google.common.base.Splitter$SplittingIterator                               : loaded 2 times (x 80B)
Class com.google.common.util.concurrent.AbstractFuture$UnsafeAtomicHelper             : loaded 2 times (x 74B)
Class com.google.common.cache.LocalCache$LocalManualCache$1                           : loaded 2 times (x 71B)
Class com.google.common.base.CharMatcher$ForPredicate                                 : loaded 2 times (x 108B)
Class com.google.common.collect.ImmutableCollection                                   : loaded 2 times (x 121B)
Class com.google.common.base.CharMatcher$AnyOf                                        : loaded 2 times (x 108B)
Class org.gradle.api.internal.classpath.DefaultModuleRegistry                         : loaded 2 times (x 82B)
Class com.google.common.util.concurrent.ListenableFuture                              : loaded 2 times (x 66B)
Class com.google.common.cache.ReferenceEntry                                          : loaded 2 times (x 66B)
Class com.google.common.collect.ImmutableSet$CachingAsList                            : loaded 2 times (x 143B)
Class com.google.common.base.Converter                                                : loaded 2 times (x 86B)
Class com.google.common.collect.Lists                                                 : loaded 2 times (x 67B)
Class com.google.common.base.CharMatcher$Any                                          : loaded 2 times (x 108B)
Class com.google.common.util.concurrent.AbstractFuture                                : loaded 2 times (x 102B)
Class com.google.common.base.FunctionalEquivalence                                    : loaded 2 times (x 79B)
Class com.google.common.collect.Iterators$9                                           : loaded 2 times (x 77B)
Class com.google.common.collect.AbstractMapBasedMultimap                              : loaded 2 times (x 135B)
Class com.google.common.collect.ImmutableAsList                                       : loaded 2 times (x 205B)
Class com.google.common.cache.CacheLoader$SupplierToCacheLoader                       : loaded 2 times (x 71B)
Class com.google.common.collect.Maps$EntryTransformer                                 : loaded 2 times (x 66B)
Class org.gradle.internal.service.ServiceLookupException                              : loaded 2 times (x 78B)
Class [Lcom.google.common.cache.LocalCache$EntryFactory;                              : loaded 2 times (x 65B)
Class com.google.common.base.CharMatcher$JavaLetter                                   : loaded 2 times (x 107B)
Class org.gradle.internal.classloader.ClassLoaderFactory                              : loaded 2 times (x 66B)
Class com.google.common.cache.LocalCache$LocalManualCache                             : loaded 2 times (x 95B)
Class com.google.common.base.CharMatcher$IsNot                                        : loaded 2 times (x 107B)
Class com.google.common.base.CommonPattern                                            : loaded 2 times (x 70B)
Class org.gradle.internal.service.CachingServiceLocator                               : loaded 2 times (x 78B)
Class com.google.common.math.IntMath                                                  : loaded 2 times (x 67B)
Class com.google.common.collect.Iterators$10                                          : loaded 2 times (x 77B)
Class com.google.common.collect.ImmutableMapEntry                                     : loaded 2 times (x 81B)
Class com.google.common.base.CharMatcher$JavaDigit                                    : loaded 2 times (x 107B)
Class com.google.common.base.Equivalence                                              : loaded 2 times (x 78B)
Class com.google.common.collect.ImmutableMapEntry$NonTerminalImmutableMapEntry        : loaded 2 times (x 81B)
Class com.google.common.base.Function                                                 : loaded 2 times (x 66B)
Class com.google.common.cache.CacheBuilder$OneWeigher                                 : loaded 2 times (x 78B)
Class com.google.common.collect.RegularImmutableList                                  : loaded 2 times (x 208B)
Class com.google.common.collect.ImmutableBiMapFauxverideShim                          : loaded 2 times (x 116B)
Class org.gradle.internal.classloader.ClasspathUtil                                   : loaded 2 times (x 67B)
Class com.google.common.util.concurrent.Uninterruptibles                              : loaded 2 times (x 67B)
Class com.google.common.collect.Maps                                                  : loaded 2 times (x 67B)
Class com.google.common.base.CharMatcher$JavaUpperCase                                : loaded 2 times (x 107B)
Class org.gradle.api.specs.Spec                                                       : loaded 2 times (x 66B)
Class [Lcom.google.common.collect.ImmutableEntry;                                     : loaded 2 times (x 65B)
Class com.google.common.cache.LocalCache$LoadingValueReference                        : loaded 2 times (x 92B)
Class Build_gradle$1                                                                  : loaded 2 times (x 74B)
Class com.google.common.collect.Maps$8                                                : loaded 2 times (x 78B)
Class com.google.common.cache.LocalCache$StrongValueReference                         : loaded 2 times (x 86B)
Class com.google.common.util.concurrent.AbstractFuture$SynchronizedHelper             : loaded 2 times (x 74B)
Class com.google.common.base.CharMatcher$Invisible                                    : loaded 2 times (x 108B)
Class org.gradle.internal.classloader.VisitableURLClassLoader$InstrumentingVisitableURLClassLoader: loaded 2 times (x 119B)
Class [Lcom.google.common.cache.CacheBuilder$NullListener;                            : loaded 2 times (x 65B)
Class com.google.common.math.IntMath$1                                                : loaded 2 times (x 67B)
Class org.gradle.internal.classloader.VisitableURLClassLoader$Spec                    : loaded 2 times (x 70B)
Class org.gradle.internal.classpath.DefaultClassPath                                  : loaded 2 times (x 86B)
Class com.google.common.base.AbstractIterator                                         : loaded 2 times (x 76B)
Class com.google.common.collect.ImmutableSet                                          : loaded 2 times (x 141B)
Class com.google.common.collect.RegularImmutableMap$Values                            : loaded 2 times (x 203B)
Class com.google.common.base.CharMatcher$Ascii                                        : loaded 2 times (x 108B)
Class com.google.common.base.CharMatcher$BitSetMatcher                                : loaded 2 times (x 108B)
Class org.gradle.internal.classloader.ClassLoaderSpec                                 : loaded 2 times (x 67B)
Class com.google.common.cache.CacheStats                                              : loaded 2 times (x 67B)
Class com.google.common.util.concurrent.AbstractFuture$Listener                       : loaded 2 times (x 68B)
Class com.google.common.base.CharMatcher$Or                                           : loaded 2 times (x 108B)
Class Settings_gradle$1$1                                                             : loaded 2 times (x 70B)
Class com.google.common.base.Supplier                                                 : loaded 2 times (x 66B)
Class org.gradle.internal.classloader.VisitableURLClassLoader                         : loaded 2 times (x 113B)
Class com.google.common.util.concurrent.AbstractFuture$Waiter                         : loaded 2 times (x 68B)
Class Settings_gradle                                                                 : loaded 2 times (x 124B)
Class org.gradle.internal.Cast                                                        : loaded 2 times (x 67B)
Class org.gradle.api.Action                                                           : loaded 2 times (x 66B)
Class com.google.common.base.Ticker                                                   : loaded 2 times (x 68B)
Class com.google.common.base.CharMatcher$FastMatcher                                  : loaded 2 times (x 107B)
Class [Lcom.google.common.cache.LocalCache$Segment;                                   : loaded 2 times (x 65B)
Class [Lcom.google.common.cache.LocalCache$Strength;                                  : loaded 2 times (x 65B)
Class com.google.common.cache.CacheBuilder$1                                          : loaded 2 times (x 81B)
Class com.google.common.collect.ImmutableMap                                          : loaded 2 times (x 116B)
Class com.google.common.base.Predicate                                                : loaded 2 times (x 66B)
Class org.gradle.internal.classpath.DefaultClassPath$ImmutableUniqueList$Builder      : loaded 2 times (x 71B)
Class com.google.common.cache.LocalCache                                              : loaded 2 times (x 183B)
Class com.google.common.cache.CacheBuilder$2                                          : loaded 2 times (x 68B)
Class com.google.common.base.CharMatcher$NegatedFastMatcher                           : loaded 2 times (x 109B)
Class [Lcom.google.common.collect.AbstractMapEntry;                                   : loaded 2 times (x 65B)
Class com.google.common.collect.ImmutableEntry                                        : loaded 2 times (x 78B)
Class com.google.common.collect.ArrayListMultimap                                     : loaded 2 times (x 168B)
Class com.google.common.base.AbstractIterator$1                                       : loaded 2 times (x 67B)
Class com.google.common.base.CharMatcher$Digit                                        : loaded 2 times (x 108B)
Class org.gradle.api.GradleException                                                  : loaded 2 times (x 78B)
Class com.google.common.collect.CollectPreconditions                                  : loaded 2 times (x 67B)
Class com.google.common.base.CharMatcher$JavaIsoControl                               : loaded 2 times (x 108B)
Class com.google.common.collect.SortedMapDifference                                   : loaded 2 times (x 66B)
Class com.google.common.base.CharMatcher$JavaLowerCase                                : loaded 2 times (x 107B)
Class com.google.common.cache.LocalCache$EntryFactory                                 : loaded 2 times (x 79B)
Class com.google.common.cache.LocalCache$AbstractReferenceEntry                       : loaded 2 times (x 103B)
Class com.google.common.base.Splitter$1$1                                             : loaded 2 times (x 82B)
Class com.google.common.base.CharMatcher$Whitespace                                   : loaded 2 times (x 108B)
Class org.gradle.internal.IoActions                                                   : loaded 2 times (x 67B)
Class com.google.common.cache.CacheLoader$InvalidCacheLoadException                   : loaded 2 times (x 78B)
Class com.google.common.collect.ImmutableSet$RegularSetBuilderImpl                    : loaded 2 times (x 73B)
Class com.google.common.base.CharMatcher$SingleWidth                                  : loaded 2 times (x 108B)
Class org.gradle.internal.classloader.SystemClassLoaderSpec                           : loaded 2 times (x 67B)
Class com.google.common.cache.LocalCache$StrongEntry                                  : loaded 2 times (x 104B)
Class com.google.common.util.concurrent.AbstractFuture$TrustedFuture                  : loaded 2 times (x 110B)
Class com.google.common.cache.LoadingCache                                            : loaded 2 times (x 66B)
Class [Lcom.google.common.cache.Weigher;                                              : loaded 2 times (x 65B)
Class com.google.common.collect.RegularImmutableMap$BucketOverflowException           : loaded 2 times (x 78B)
Class com.google.common.cache.LocalCache$ValueReference                               : loaded 2 times (x 66B)
Class com.google.common.base.CharMatcher$Is                                           : loaded 2 times (x 107B)
Class com.google.common.base.CharMatcher$Negated                                      : loaded 2 times (x 109B)
Class com.google.common.util.concurrent.AbstractFuture$Failure                        : loaded 2 times (x 68B)
Class com.google.common.base.Equivalence$Equals                                       : loaded 2 times (x 78B)
Class com.google.common.collect.Hashing                                               : loaded 2 times (x 67B)
Class com.google.common.base.Preconditions                                            : loaded 2 times (x 67B)
Class com.google.common.collect.PeekingIterator                                       : loaded 2 times (x 66B)
Class com.google.common.base.CharMatcher                                              : loaded 2 times (x 107B)
Class com.google.common.cache.LocalCache$EntryFactory$1                               : loaded 2 times (x 79B)
Class [Lcom.google.common.cache.RemovalListener;                                      : loaded 2 times (x 65B)
Class com.google.common.base.CharMatcher$1                                            : loaded 2 times (x 109B)
Class com.google.common.base.CharMatcher$NamedFastMatcher                             : loaded 2 times (x 108B)
Class com.google.common.cache.LocalCache$EntryFactory$2                               : loaded 2 times (x 79B)
Class org.gradle.api.internal.classpath.GlobalCacheRootsProvider                      : loaded 2 times (x 66B)
Class com.google.common.cache.LocalCache$EntryFactory$3                               : loaded 2 times (x 79B)
Class com.google.common.base.Ticker$1                                                 : loaded 2 times (x 68B)
Class com.google.common.collect.ImmutableMapEntrySet$RegularEntrySet                  : loaded 2 times (x 147B)
Class com.google.common.collect.Maps$BiMapConverter                                   : loaded 2 times (x 86B)
Class com.google.common.cache.LocalCache$EntryFactory$4                               : loaded 2 times (x 79B)
Class com.google.common.collect.ImmutableSet$Builder                                  : loaded 2 times (x 81B)
Class com.google.common.base.CharMatcher$InRange                                      : loaded 2 times (x 107B)
Class com.google.common.cache.LocalCache$EntryFactory$5                               : loaded 2 times (x 79B)
Class com.google.common.cache.LocalCache$EntryFactory$6                               : loaded 2 times (x 79B)
Class Build_gradle                                                                    : loaded 2 times (x 68B)
Class org.gradle.internal.installation.CurrentGradleInstallationLocator               : loaded 2 times (x 67B)
Class com.google.common.cache.LocalCache$EntryFactory$7                               : loaded 2 times (x 79B)
Class com.google.common.collect.ImmutableSet$EmptySetBuilderImpl                      : loaded 2 times (x 72B)
Class com.google.common.collect.ImmutableList                                         : loaded 2 times (x 202B)
Class org.gradle.internal.service.DefaultServiceLocator                               : loaded 2 times (x 79B)
Class com.google.common.cache.LocalCache$EntryFactory$8                               : loaded 2 times (x 79B)
Class com.google.common.collect.ImmutableSet$SetBuilderImpl                           : loaded 2 times (x 72B)
Class org.gradle.internal.installation.CurrentGradleInstallation                      : loaded 2 times (x 69B)
Class com.google.common.cache.CacheLoader$1                                           : loaded 2 times (x 71B)
Class com.google.common.collect.ImmutableList$SubList                                 : loaded 2 times (x 204B)
Class org.gradle.util.internal.GUtil                                                  : loaded 2 times (x 67B)
Class com.google.common.util.concurrent.AbstractFuture$SetFuture                      : loaded 2 times (x 71B)
Class com.google.common.cache.AbstractCache$StatsCounter                              : loaded 2 times (x 66B)
Class com.google.common.collect.Iterators$MergingIterator                             : loaded 2 times (x 77B)
Class com.google.common.collect.RegularImmutableSet                                   : loaded 2 times (x 144B)
Class org.gradle.internal.installation.GradleInstallation                             : loaded 2 times (x 71B)
Class com.google.common.collect.Iterables                                             : loaded 2 times (x 67B)
Class com.google.common.base.Splitter$Strategy                                        : loaded 2 times (x 66B)

---------------  S Y S T E M  ---------------

OS:
 Windows 10 , 64 bit Build 19041 (10.0.19041.5198)
OS uptime: 26 days 8:07 hours

CPU: total 2 (initial active 2) (2 cores per cpu, 1 threads per core) family 6 model 122 stepping 8 microcode 0x20, cx8, cmov, fxsr, mmx, 3dnowpref, sse, sse2, sse3, ssse3, sse4.1, sse4.2, popcnt, tsc, tscinvbit, aes, erms, clmul, sha, clflush, clflushopt, rdtscp, rdpid
Processor Information for all 2 processors :
  Max Mhz: 1101, Current Mhz: 1101, Mhz Limit: 1101

Memory: 4k page, system-wide physical 3907M (71M free)
TotalPageFile size 15683M (AvailPageFile size 1M)
current process WorkingSet (physical memory assigned to process): 277M, peak: 277M
current process commit charge ("private bytes"): 341M, peak: 341M

vm_info: OpenJDK 64-Bit Server VM (21.0.4+-12508038-b607.1) for windows-amd64 JRE (21.0.4+-12508038-b607.1), built on 2024-10-16T17:23:34Z by "builder" with MS VC++ 16.10 / 16.11 (VS2019)

END.
